;  LST file generated by mikroListExporter - v.2.0 
; Date/Time: 10/8/2016 10:21:42 AM
;----------------------------------------------

;Address Opcode 	ASM
0x0000	0xF005EFC1  	GOTO        2946
0x0004	0x0000      	NOP
0x0006	0x0000      	NOP
0x0008	0xF000EF00  	GOTO        0
0x000C	0x0000      	NOP
0x000E	0x0000      	NOP
0x0010	0x0000      	NOP
0x0012	0x0000      	NOP
0x0014	0x0000      	NOP
0x0016	0x0000      	NOP
0x0018	0xD7F3      	BRA         0
_columbSet:
;3x3x3 PIC program v1.c,28 :: 		void columbSet(char columbAddr, char columbData) {
;3x3x3 PIC program v1.c,29 :: 		if(columbData != 0) {
0x001C	0x0100      	MOVLB       0
0x001E	0x518F      	MOVF        FARG_columbSet_columbData, 0, 1
0x0020	0x0A00      	XORLW       0
0x0022	0xE02E      	BZ          L_columbSet11
;3x3x3 PIC program v1.c,30 :: 		switch (columbAddr) {
0x0024	0xD012      	BRA         L_columbSet12
;3x3x3 PIC program v1.c,31 :: 		case 0: portb |= 0x20; break;
L_columbSet14:
0x0026	0x8A81      	BSF         PORTB, 5 
0x0028	0xD02B      	BRA         L_columbSet13
;3x3x3 PIC program v1.c,32 :: 		case 1: portb |= 0x10; break;
L_columbSet15:
0x002A	0x8881      	BSF         PORTB, 4 
0x002C	0xD029      	BRA         L_columbSet13
;3x3x3 PIC program v1.c,33 :: 		case 2: portb |= 0x08; break;
L_columbSet16:
0x002E	0x8681      	BSF         PORTB, 3 
0x0030	0xD027      	BRA         L_columbSet13
;3x3x3 PIC program v1.c,34 :: 		case 3: portb |= 0x04; break;
L_columbSet17:
0x0032	0x8481      	BSF         PORTB, 2 
0x0034	0xD025      	BRA         L_columbSet13
;3x3x3 PIC program v1.c,35 :: 		case 4: portb |= 0x02; break;
L_columbSet18:
0x0036	0x8281      	BSF         PORTB, 1 
0x0038	0xD023      	BRA         L_columbSet13
;3x3x3 PIC program v1.c,36 :: 		case 5: portb |= 0x01; break;
L_columbSet19:
0x003A	0x8081      	BSF         PORTB, 0 
0x003C	0xD021      	BRA         L_columbSet13
;3x3x3 PIC program v1.c,37 :: 		case 6: portc |= 0x02; break;
L_columbSet20:
0x003E	0x8282      	BSF         PORTC, 1 
0x0040	0xD01F      	BRA         L_columbSet13
;3x3x3 PIC program v1.c,38 :: 		case 7: portc |= 0x08; break;
L_columbSet21:
0x0042	0x8682      	BSF         PORTC, 3 
0x0044	0xD01D      	BRA         L_columbSet13
;3x3x3 PIC program v1.c,39 :: 		case 8: portc |= 0x10; break;
L_columbSet22:
0x0046	0x8882      	BSF         PORTC, 4 
0x0048	0xD01B      	BRA         L_columbSet13
;3x3x3 PIC program v1.c,40 :: 		}
L_columbSet12:
0x004A	0x518E      	MOVF        FARG_columbSet_columbAddr, 0, 1
0x004C	0x0A00      	XORLW       0
0x004E	0xE0EB      	BZ          L_columbSet14
0x0050	0x518E      	MOVF        FARG_columbSet_columbAddr, 0, 1
0x0052	0x0A01      	XORLW       1
0x0054	0xE0EA      	BZ          L_columbSet15
0x0056	0x518E      	MOVF        FARG_columbSet_columbAddr, 0, 1
0x0058	0x0A02      	XORLW       2
0x005A	0xE0E9      	BZ          L_columbSet16
0x005C	0x518E      	MOVF        FARG_columbSet_columbAddr, 0, 1
0x005E	0x0A03      	XORLW       3
0x0060	0xE0E8      	BZ          L_columbSet17
0x0062	0x518E      	MOVF        FARG_columbSet_columbAddr, 0, 1
0x0064	0x0A04      	XORLW       4
0x0066	0xE0E7      	BZ          L_columbSet18
0x0068	0x518E      	MOVF        FARG_columbSet_columbAddr, 0, 1
0x006A	0x0A05      	XORLW       5
0x006C	0xE0E6      	BZ          L_columbSet19
0x006E	0x518E      	MOVF        FARG_columbSet_columbAddr, 0, 1
0x0070	0x0A06      	XORLW       6
0x0072	0xE0E5      	BZ          L_columbSet20
0x0074	0x518E      	MOVF        FARG_columbSet_columbAddr, 0, 1
0x0076	0x0A07      	XORLW       7
0x0078	0xE0E4      	BZ          L_columbSet21
0x007A	0x518E      	MOVF        FARG_columbSet_columbAddr, 0, 1
0x007C	0x0A08      	XORLW       8
0x007E	0xE0E3      	BZ          L_columbSet22
L_columbSet13:
;3x3x3 PIC program v1.c,41 :: 		}
L_columbSet11:
;3x3x3 PIC program v1.c,42 :: 		}
L_end_columbSet:
0x0080	0x0012      	RETURN      0
; end of _columbSet
_colorSet:
;3x3x3 PIC program v1.c,14 :: 		void colorSet(char colorAddr) {
;3x3x3 PIC program v1.c,15 :: 		switch (colorAddr) {
0x0082	0xD01A      	BRA         L_colorSet0
;3x3x3 PIC program v1.c,16 :: 		case 0: portc = 0x00; break;  //layer 0 red
L_colorSet2:
0x0084	0x6A82      	CLRF        PORTC 
0x0086	0xD034      	BRA         L_colorSet1
;3x3x3 PIC program v1.c,17 :: 		case 1: porta = 0xDF; break;  //layer 1 red
L_colorSet3:
0x0088	0x0EDF      	MOVLW       223
0x008A	0x6E80      	MOVWF       PORTA 
0x008C	0xD031      	BRA         L_colorSet1
;3x3x3 PIC program v1.c,18 :: 		case 2: porta = 0xFB; break;  //layer 2 red
L_colorSet4:
0x008E	0x0EFB      	MOVLW       251
0x0090	0x6E80      	MOVWF       PORTA 
0x0092	0xD02E      	BRA         L_colorSet1
;3x3x3 PIC program v1.c,19 :: 		case 3: porta = 0xBF; break;  //layer 0 green
L_colorSet5:
0x0094	0x0EBF      	MOVLW       191
0x0096	0x6E80      	MOVWF       PORTA 
0x0098	0xD02B      	BRA         L_colorSet1
;3x3x3 PIC program v1.c,20 :: 		case 4: porta = 0xEF; break;  //layer 1 green
L_colorSet6:
0x009A	0x0EEF      	MOVLW       239
0x009C	0x6E80      	MOVWF       PORTA 
0x009E	0xD028      	BRA         L_colorSet1
;3x3x3 PIC program v1.c,21 :: 		case 5: porta = 0xFD; break;  //layer 2 green
L_colorSet7:
0x00A0	0x0EFD      	MOVLW       253
0x00A2	0x6E80      	MOVWF       PORTA 
0x00A4	0xD025      	BRA         L_colorSet1
;3x3x3 PIC program v1.c,22 :: 		case 6: porta = 0x7F; break;  //layer 0 blue
L_colorSet8:
0x00A6	0x0E7F      	MOVLW       127
0x00A8	0x6E80      	MOVWF       PORTA 
0x00AA	0xD022      	BRA         L_colorSet1
;3x3x3 PIC program v1.c,23 :: 		case 7: porta = 0xF7; break;  //layer 1 blue
L_colorSet9:
0x00AC	0x0EF7      	MOVLW       247
0x00AE	0x6E80      	MOVWF       PORTA 
0x00B0	0xD01F      	BRA         L_colorSet1
;3x3x3 PIC program v1.c,24 :: 		case 8: porta = 0xFE; break;  //layer 2 blue
L_colorSet10:
0x00B2	0x0EFE      	MOVLW       254
0x00B4	0x6E80      	MOVWF       PORTA 
0x00B6	0xD01C      	BRA         L_colorSet1
;3x3x3 PIC program v1.c,25 :: 		}
L_colorSet0:
0x00B8	0x0100      	MOVLB       0
0x00BA	0x5180      	MOVF        FARG_colorSet_colorAddr, 0, 1
0x00BC	0x0A00      	XORLW       0
0x00BE	0xE0E2      	BZ          L_colorSet2
0x00C0	0x5180      	MOVF        FARG_colorSet_colorAddr, 0, 1
0x00C2	0x0A01      	XORLW       1
0x00C4	0xE0E1      	BZ          L_colorSet3
0x00C6	0x5180      	MOVF        FARG_colorSet_colorAddr, 0, 1
0x00C8	0x0A02      	XORLW       2
0x00CA	0xE0E1      	BZ          L_colorSet4
0x00CC	0x5180      	MOVF        FARG_colorSet_colorAddr, 0, 1
0x00CE	0x0A03      	XORLW       3
0x00D0	0xE0E1      	BZ          L_colorSet5
0x00D2	0x5180      	MOVF        FARG_colorSet_colorAddr, 0, 1
0x00D4	0x0A04      	XORLW       4
0x00D6	0xE0E1      	BZ          L_colorSet6
0x00D8	0x5180      	MOVF        FARG_colorSet_colorAddr, 0, 1
0x00DA	0x0A05      	XORLW       5
0x00DC	0xE0E1      	BZ          L_colorSet7
0x00DE	0x5180      	MOVF        FARG_colorSet_colorAddr, 0, 1
0x00E0	0x0A06      	XORLW       6
0x00E2	0xE0E1      	BZ          L_colorSet8
0x00E4	0x5180      	MOVF        FARG_colorSet_colorAddr, 0, 1
0x00E6	0x0A07      	XORLW       7
0x00E8	0xE0E1      	BZ          L_colorSet9
0x00EA	0x5180      	MOVF        FARG_colorSet_colorAddr, 0, 1
0x00EC	0x0A08      	XORLW       8
0x00EE	0xE0E1      	BZ          L_colorSet10
L_colorSet1:
;3x3x3 PIC program v1.c,26 :: 		}
L_end_colorSet:
0x00F0	0x0012      	RETURN      0
; end of _colorSet
_allOff:
;3x3x3 PIC program v1.c,8 :: 		void allOff(void) {
;3x3x3 PIC program v1.c,9 :: 		porta=0xFF;
0x00F2	0x0EFF      	MOVLW       255
0x00F4	0x6E80      	MOVWF       PORTA 
;3x3x3 PIC program v1.c,10 :: 		portb=0x00;
0x00F6	0x6A81      	CLRF        PORTB 
;3x3x3 PIC program v1.c,11 :: 		portc=0x01;
0x00F8	0x0E01      	MOVLW       1
0x00FA	0x6E82      	MOVWF       PORTC 
;3x3x3 PIC program v1.c,12 :: 		}
L_end_allOff:
0x00FC	0x0012      	RETURN      0
; end of _allOff
_srand:
;__Lib_CStdlib.c,301 :: 		
;__Lib_CStdlib.c,302 :: 		
0x00FE	0xF01AC07E  	MOVFF       FARG_srand_x, __Lib_CStdlib_randx
0x0102	0xF01BC07F  	MOVFF       FARG_srand_x+1, __Lib_CStdlib_randx+1
0x0106	0x0E00      	MOVLW       0
0x0108	0x6E1C      	MOVWF       __Lib_CStdlib_randx+2 
0x010A	0x6E1D      	MOVWF       __Lib_CStdlib_randx+3 
;__Lib_CStdlib.c,303 :: 		
0x010C	0x0E01      	MOVLW       1
0x010E	0x6E1F      	MOVWF       __Lib_CStdlib_randf 
;__Lib_CStdlib.c,304 :: 		
L_end_srand:
0x0110	0x0012      	RETURN      0
; end of _srand
_displayFrame:
;3x3x3 PIC program v1.c,44 :: 		void displayFrame(void) {
;3x3x3 PIC program v1.c,45 :: 		pointer = 0;
0x0112	0x6A3C      	CLRF        _pointer 
;3x3x3 PIC program v1.c,46 :: 		for(i = 0; i <= 2; i++) {
0x0114	0x6A3B      	CLRF        _i 
L_displayFrame23:
0x0116	0x503B      	MOVF        _i, 0 
0x0118	0x0802      	SUBLW       2
0x011A	0xE320      	BNC         L_displayFrame24
;3x3x3 PIC program v1.c,47 :: 		for(j = 0; j <= 8; j++) {
0x011C	0x6A3D      	CLRF        _j 
L_displayFrame26:
0x011E	0x503D      	MOVF        _j, 0 
0x0120	0x0808      	SUBLW       8
0x0122	0xE31A      	BNC         L_displayFrame27
;3x3x3 PIC program v1.c,48 :: 		allOff();
0x0124	0xDFE6      	RCALL       _allOff
;3x3x3 PIC program v1.c,49 :: 		colorSet(i);
0x0126	0xF080C03B  	MOVFF       _i, FARG_colorSet_colorAddr
0x012A	0xDFAB      	RCALL       _colorSet
;3x3x3 PIC program v1.c,50 :: 		columbSet(j, redData[pointer]);
0x012C	0xF08EC03D  	MOVFF       _j, FARG_columbSet_columbAddr
0x0130	0x0E59      	MOVLW       _redData
0x0132	0x6EE9      	MOVWF       FSR0L 
0x0134	0x0E00      	MOVLW       hi_addr(_redData)
0x0136	0x6EEA      	MOVWF       FSR0H 
0x0138	0x503C      	MOVF        _pointer, 0 
0x013A	0x26E9      	ADDWF       FSR0L, 1 
0x013C	0xB0D8      	BTFSC       STATUS, 0 
0x013E	0x2AEA      	INCF        FSR0H, 1 
0x0140	0xF08FCFEE  	MOVFF       POSTINC0, FARG_columbSet_columbData
0x0144	0xDF6B      	RCALL       _columbSet
;3x3x3 PIC program v1.c,51 :: 		delay_us(delaySpeed*2);
0x0146	0x0E9F      	MOVLW       159
0x0148	0x6E0D      	MOVWF       R13, 0
L_displayFrame29:
0x014A	0x2E0D      	DECFSZ      R13, 1, 0
0x014C	0xD7FE      	BRA         L_displayFrame29
0x014E	0x0000      	NOP
0x0150	0x0000      	NOP
;3x3x3 PIC program v1.c,52 :: 		pointer++;
0x0152	0x2A3C      	INCF        _pointer, 1 
;3x3x3 PIC program v1.c,47 :: 		for(j = 0; j <= 8; j++) {
0x0154	0x2A3D      	INCF        _j, 1 
;3x3x3 PIC program v1.c,53 :: 		}
0x0156	0xD7E3      	BRA         L_displayFrame26
L_displayFrame27:
;3x3x3 PIC program v1.c,46 :: 		for(i = 0; i <= 2; i++) {
0x0158	0x2A3B      	INCF        _i, 1 
;3x3x3 PIC program v1.c,54 :: 		}
0x015A	0xD7DD      	BRA         L_displayFrame23
L_displayFrame24:
;3x3x3 PIC program v1.c,56 :: 		pointer = 0;
0x015C	0x6A3C      	CLRF        _pointer 
;3x3x3 PIC program v1.c,57 :: 		for(i = 3; i <= 5; i++) {
0x015E	0x0E03      	MOVLW       3
0x0160	0x6E3B      	MOVWF       _i 
L_displayFrame30:
0x0162	0x503B      	MOVF        _i, 0 
0x0164	0x0805      	SUBLW       5
0x0166	0xE320      	BNC         L_displayFrame31
;3x3x3 PIC program v1.c,58 :: 		for(j = 0; j <= 8; j++) {
0x0168	0x6A3D      	CLRF        _j 
L_displayFrame33:
0x016A	0x503D      	MOVF        _j, 0 
0x016C	0x0808      	SUBLW       8
0x016E	0xE31A      	BNC         L_displayFrame34
;3x3x3 PIC program v1.c,59 :: 		allOff();
0x0170	0xDFC0      	RCALL       _allOff
;3x3x3 PIC program v1.c,60 :: 		colorSet(i);
0x0172	0xF080C03B  	MOVFF       _i, FARG_colorSet_colorAddr
0x0176	0xDF85      	RCALL       _colorSet
;3x3x3 PIC program v1.c,61 :: 		columbSet(j, greenData[pointer]);
0x0178	0xF08EC03D  	MOVFF       _j, FARG_columbSet_columbAddr
0x017C	0x0E3E      	MOVLW       _greenData
0x017E	0x6EE9      	MOVWF       FSR0L 
0x0180	0x0E00      	MOVLW       hi_addr(_greenData)
0x0182	0x6EEA      	MOVWF       FSR0H 
0x0184	0x503C      	MOVF        _pointer, 0 
0x0186	0x26E9      	ADDWF       FSR0L, 1 
0x0188	0xB0D8      	BTFSC       STATUS, 0 
0x018A	0x2AEA      	INCF        FSR0H, 1 
0x018C	0xF08FCFEE  	MOVFF       POSTINC0, FARG_columbSet_columbData
0x0190	0xDF45      	RCALL       _columbSet
;3x3x3 PIC program v1.c,62 :: 		delay_us(delaySpeed);
0x0192	0x0E4F      	MOVLW       79
0x0194	0x6E0D      	MOVWF       R13, 0
L_displayFrame36:
0x0196	0x2E0D      	DECFSZ      R13, 1, 0
0x0198	0xD7FE      	BRA         L_displayFrame36
0x019A	0x0000      	NOP
0x019C	0x0000      	NOP
;3x3x3 PIC program v1.c,63 :: 		pointer++;
0x019E	0x2A3C      	INCF        _pointer, 1 
;3x3x3 PIC program v1.c,58 :: 		for(j = 0; j <= 8; j++) {
0x01A0	0x2A3D      	INCF        _j, 1 
;3x3x3 PIC program v1.c,64 :: 		}
0x01A2	0xD7E3      	BRA         L_displayFrame33
L_displayFrame34:
;3x3x3 PIC program v1.c,57 :: 		for(i = 3; i <= 5; i++) {
0x01A4	0x2A3B      	INCF        _i, 1 
;3x3x3 PIC program v1.c,65 :: 		}
0x01A6	0xD7DD      	BRA         L_displayFrame30
L_displayFrame31:
;3x3x3 PIC program v1.c,67 :: 		pointer = 0;
0x01A8	0x6A3C      	CLRF        _pointer 
;3x3x3 PIC program v1.c,68 :: 		for(i = 6; i <= 8; i++) {
0x01AA	0x0E06      	MOVLW       6
0x01AC	0x6E3B      	MOVWF       _i 
L_displayFrame37:
0x01AE	0x503B      	MOVF        _i, 0 
0x01B0	0x0808      	SUBLW       8
0x01B2	0xE320      	BNC         L_displayFrame38
;3x3x3 PIC program v1.c,69 :: 		for(j = 0; j <= 8; j++) {
0x01B4	0x6A3D      	CLRF        _j 
L_displayFrame40:
0x01B6	0x503D      	MOVF        _j, 0 
0x01B8	0x0808      	SUBLW       8
0x01BA	0xE31A      	BNC         L_displayFrame41
;3x3x3 PIC program v1.c,70 :: 		allOff();
0x01BC	0xDF9A      	RCALL       _allOff
;3x3x3 PIC program v1.c,71 :: 		colorSet(i);
0x01BE	0xF080C03B  	MOVFF       _i, FARG_colorSet_colorAddr
0x01C2	0xDF5F      	RCALL       _colorSet
;3x3x3 PIC program v1.c,72 :: 		columbSet(j, blueData[pointer]);
0x01C4	0xF08EC03D  	MOVFF       _j, FARG_columbSet_columbAddr
0x01C8	0x0E20      	MOVLW       _blueData
0x01CA	0x6EE9      	MOVWF       FSR0L 
0x01CC	0x0E00      	MOVLW       hi_addr(_blueData)
0x01CE	0x6EEA      	MOVWF       FSR0H 
0x01D0	0x503C      	MOVF        _pointer, 0 
0x01D2	0x26E9      	ADDWF       FSR0L, 1 
0x01D4	0xB0D8      	BTFSC       STATUS, 0 
0x01D6	0x2AEA      	INCF        FSR0H, 1 
0x01D8	0xF08FCFEE  	MOVFF       POSTINC0, FARG_columbSet_columbData
0x01DC	0xDF1F      	RCALL       _columbSet
;3x3x3 PIC program v1.c,73 :: 		delay_us(delaySpeed);
0x01DE	0x0E4F      	MOVLW       79
0x01E0	0x6E0D      	MOVWF       R13, 0
L_displayFrame43:
0x01E2	0x2E0D      	DECFSZ      R13, 1, 0
0x01E4	0xD7FE      	BRA         L_displayFrame43
0x01E6	0x0000      	NOP
0x01E8	0x0000      	NOP
;3x3x3 PIC program v1.c,74 :: 		pointer++;
0x01EA	0x2A3C      	INCF        _pointer, 1 
;3x3x3 PIC program v1.c,69 :: 		for(j = 0; j <= 8; j++) {
0x01EC	0x2A3D      	INCF        _j, 1 
;3x3x3 PIC program v1.c,75 :: 		}
0x01EE	0xD7E3      	BRA         L_displayFrame40
L_displayFrame41:
;3x3x3 PIC program v1.c,68 :: 		for(i = 6; i <= 8; i++) {
0x01F0	0x2A3B      	INCF        _i, 1 
;3x3x3 PIC program v1.c,76 :: 		}
0x01F2	0xD7DD      	BRA         L_displayFrame37
L_displayFrame38:
;3x3x3 PIC program v1.c,77 :: 		}
L_end_displayFrame:
0x01F4	0x0012      	RETURN      0
; end of _displayFrame
_Div_16x16_S_L:
;__Lib_Math.c,139 :: 		
;__Lib_Math.c,146 :: 		
0x01F6	0x3401      	RLCF        R1, 0, 0
;__Lib_Math.c,147 :: 		
0x01F8	0x3608      	RLCF        R8, 1, 0
;__Lib_Math.c,148 :: 		
0x01FA	0x3609      	RLCF        R9, 1, 0
;__Lib_Math.c,149 :: 		
0x01FC	0x5004      	MOVF        R4, 0, 0
;__Lib_Math.c,150 :: 		
0x01FE	0x5E08      	SUBWF       R8, 1, 0
;__Lib_Math.c,151 :: 		
0x0200	0x5005      	MOVF        R5, 0, 0
;__Lib_Math.c,152 :: 		
0x0202	0xA0D8      	BTFSS       STATUS, 0, 0
;__Lib_Math.c,153 :: 		
0x0204	0x3C05      	INCFSZ      R5, 0, 0
;__Lib_Math.c,154 :: 		
0x0206	0x5E09      	SUBWF       R9, 1, 0
;__Lib_Math.c,155 :: 		
0x0208	0x3600      	RLCF        R0, 1, 0
;__Lib_Math.c,156 :: 		
0x020A	0x3601      	RLCF        R1, 1, 0
;__Lib_Math.c,158 :: 		
0x020C	0x0E0F      	MOVLW       15
;__Lib_Math.c,159 :: 		
0x020E	0x6E0C      	MOVWF       R12, 0
;__Lib_Math.c,161 :: 		
0x0210	0x3401      	RLCF        R1, 0, 0
;__Lib_Math.c,162 :: 		
0x0212	0x3608      	RLCF        R8, 1, 0
;__Lib_Math.c,163 :: 		
0x0214	0x3609      	RLCF        R9, 1, 0
;__Lib_Math.c,164 :: 		
0x0216	0x5004      	MOVF        R4, 0, 0
;__Lib_Math.c,166 :: 		
0x0218	0xA000      	BTFSS       R0, 0, 0
;__Lib_Math.c,167 :: 		
0x021A	0xD006      	BRA         $+14
;__Lib_Math.c,168 :: 		
0x021C	0x5E08      	SUBWF       R8, 1, 0
;__Lib_Math.c,169 :: 		
0x021E	0x5005      	MOVF        R5, 0, 0
;__Lib_Math.c,170 :: 		
0x0220	0xA0D8      	BTFSS       STATUS, 0, 0
;__Lib_Math.c,171 :: 		
0x0222	0x3C05      	INCFSZ      R5, 0, 0
;__Lib_Math.c,172 :: 		
0x0224	0x5E09      	SUBWF       R9, 1, 0
;__Lib_Math.c,173 :: 		
0x0226	0xD005      	BRA         $+12
;__Lib_Math.c,175 :: 		
0x0228	0x2608      	ADDWF       R8, 1, 0
;__Lib_Math.c,176 :: 		
0x022A	0x5005      	MOVF        R5, 0, 0
;__Lib_Math.c,177 :: 		
0x022C	0xB0D8      	BTFSC       STATUS, 0, 0
;__Lib_Math.c,178 :: 		
0x022E	0x3C05      	INCFSZ      R5, 0, 0
;__Lib_Math.c,179 :: 		
0x0230	0x2609      	ADDWF       R9, 1, 0
;__Lib_Math.c,181 :: 		
0x0232	0x3600      	RLCF        R0, 1, 0
;__Lib_Math.c,182 :: 		
0x0234	0x3601      	RLCF        R1, 1, 0
;__Lib_Math.c,184 :: 		
0x0236	0x2E0C      	DECFSZ      R12, 1, 0
;__Lib_Math.c,185 :: 		
0x0238	0xD7EB      	BRA         $-40
;__Lib_Math.c,187 :: 		
0x023A	0xB000      	BTFSC       R0, 0, 0
;__Lib_Math.c,188 :: 		
0x023C	0xD006      	BRA         $+14
;__Lib_Math.c,189 :: 		
0x023E	0x5004      	MOVF        R4, 0, 0
;__Lib_Math.c,190 :: 		
0x0240	0x2608      	ADDWF       R8, 1, 0
;__Lib_Math.c,191 :: 		
0x0242	0x5005      	MOVF        R5, 0, 0
;__Lib_Math.c,192 :: 		
0x0244	0xB0D8      	BTFSC       STATUS, 0, 0
;__Lib_Math.c,193 :: 		
0x0246	0x3C05      	INCFSZ      R5, 0, 0
;__Lib_Math.c,194 :: 		
0x0248	0x2609      	ADDWF       R9, 1, 0
;__Lib_Math.c,195 :: 		
0x024A	0x0000      	NOP
;__Lib_Math.c,197 :: 		
L_end_Div_16x16_S_L:
0x024C	0x0012      	RETURN      0
; end of _Div_16x16_S_L
_Mul_32x32_U:
;__Lib_Math.c,1616 :: 		
;__Lib_Math.c,1631 :: 		
0x024E	0x0E22      	MOVLW       34
;__Lib_Math.c,1632 :: 		
0x0250	0x6E0C      	MOVWF       R12, 0
;__Lib_Math.c,1633 :: 		
0x0252	0x6A08      	CLRF        R8, 0
;__Lib_Math.c,1634 :: 		
0x0254	0x6A09      	CLRF        R9, 0
;__Lib_Math.c,1635 :: 		
0x0256	0x6A0A      	CLRF        R10, 0
;__Lib_Math.c,1636 :: 		
0x0258	0x6A0B      	CLRF        R11, 0
;__Lib_Math.c,1638 :: 		
_NEXT:
;__Lib_Math.c,1642 :: 		
0x025A	0x060C      	DECF        R12, 1, 0
;__Lib_Math.c,1643 :: 		
0x025C	0xB4D8      	BTFSC       STATUS, 2, 0
;__Lib_Math.c,1644 :: 		
0x025E	0xD01F      	BRA         _EXIT2
;__Lib_Math.c,1645 :: 		
0x0260	0x90D8      	BCF         STATUS, 0, 0
;__Lib_Math.c,1647 :: 		
_LOOP:
;__Lib_Math.c,1656 :: 		
0x0262	0x320B      	RRCF        R11, 1, 0
;__Lib_Math.c,1657 :: 		
0x0264	0x320A      	RRCF        R10, 1, 0
;__Lib_Math.c,1658 :: 		
0x0266	0x3209      	RRCF        R9, 1, 0
;__Lib_Math.c,1659 :: 		
0x0268	0x3208      	RRCF        R8, 1, 0
;__Lib_Math.c,1660 :: 		
0x026A	0x3203      	RRCF        R3, 1, 0
;__Lib_Math.c,1661 :: 		
0x026C	0x3202      	RRCF        R2, 1, 0
;__Lib_Math.c,1662 :: 		
0x026E	0x3201      	RRCF        R1, 1, 0
;__Lib_Math.c,1663 :: 		
0x0270	0x3200      	RRCF        R0, 1, 0
;__Lib_Math.c,1668 :: 		
0x0272	0xA0D8      	BTFSS       STATUS, 0, 0
;__Lib_Math.c,1669 :: 		
0x0274	0xD7F2      	BRA         _NEXT
;__Lib_Math.c,1670 :: 		
0x0276	0x060C      	DECF        R12, 1, 0
;__Lib_Math.c,1671 :: 		
0x0278	0xB4D8      	BTFSC       STATUS, 2, 0
;__Lib_Math.c,1672 :: 		
0x027A	0xD009      	BRA         _EXIT1
;__Lib_Math.c,1679 :: 		
0x027C	0x5004      	MOVF        R4, 0, 0
;__Lib_Math.c,1680 :: 		
0x027E	0x2608      	ADDWF       R8, 1, 0
;__Lib_Math.c,1681 :: 		
0x0280	0x5005      	MOVF        R5, 0, 0
;__Lib_Math.c,1684 :: 		
0x0282	0x2209      	ADDWFC      R9, 1, 0
;__Lib_Math.c,1685 :: 		
0x0284	0x5006      	MOVF        R6, 0, 0
;__Lib_Math.c,1688 :: 		
0x0286	0x220A      	ADDWFC      R10, 1, 0
;__Lib_Math.c,1689 :: 		
0x0288	0x5007      	MOVF        R7, 0, 0
;__Lib_Math.c,1692 :: 		
0x028A	0x220B      	ADDWFC      R11, 1, 0
;__Lib_Math.c,1694 :: 		
0x028C	0xD7EA      	BRA         _LOOP
;__Lib_Math.c,1696 :: 		
_EXIT1:
;__Lib_Math.c,1701 :: 		
0x028E	0x5004      	MOVF        R4, 0, 0
;__Lib_Math.c,1702 :: 		
0x0290	0x2608      	ADDWF       R8, 1, 0
;__Lib_Math.c,1703 :: 		
0x0292	0x5005      	MOVF        R5, 0, 0
;__Lib_Math.c,1706 :: 		
0x0294	0x2209      	ADDWFC      R9, 1, 0
;__Lib_Math.c,1707 :: 		
0x0296	0x5006      	MOVF        R6, 0, 0
;__Lib_Math.c,1710 :: 		
0x0298	0x220A      	ADDWFC      R10, 1, 0
;__Lib_Math.c,1711 :: 		
0x029A	0x5007      	MOVF        R7, 0, 0
;__Lib_Math.c,1714 :: 		
0x029C	0x220B      	ADDWFC      R11, 1, 0
;__Lib_Math.c,1717 :: 		
_EXIT2:
;__Lib_Math.c,1719 :: 		
L_end_Mul_32x32_U:
0x029E	0x0012      	RETURN      0
; end of _Mul_32x32_U
_renderFrame:
;3x3x3 PIC program v1.c,79 :: 		void renderFrame(unsigned long redValues, unsigned long greenValues, unsigned long blueValues, char holdTime) {
;3x3x3 PIC program v1.c,80 :: 		workingVar = redValues;
0x02A0	0xF015C081  	MOVFF       FARG_renderFrame_redValues, _workingVar
0x02A4	0xF016C082  	MOVFF       FARG_renderFrame_redValues+1, _workingVar+1
0x02A8	0xF017C083  	MOVFF       FARG_renderFrame_redValues+2, _workingVar+2
0x02AC	0xF018C084  	MOVFF       FARG_renderFrame_redValues+3, _workingVar+3
;3x3x3 PIC program v1.c,81 :: 		for(i = 0; i <= 26; i++) {
0x02B0	0x6A3B      	CLRF        _i 
L_renderFrame44:
0x02B2	0x503B      	MOVF        _i, 0 
0x02B4	0x081A      	SUBLW       26
0x02B6	0xE322      	BNC         L_renderFrame45
;3x3x3 PIC program v1.c,82 :: 		redData[i] = (workingVar >> i) & 1;
0x02B8	0x0E59      	MOVLW       _redData
0x02BA	0x6EE1      	MOVWF       FSR1L 
0x02BC	0x0E00      	MOVLW       hi_addr(_redData)
0x02BE	0x6EE2      	MOVWF       FSR1H 
0x02C0	0x503B      	MOVF        _i, 0 
0x02C2	0x26E1      	ADDWF       FSR1L, 1 
0x02C4	0xB0D8      	BTFSC       STATUS, 0 
0x02C6	0x2AE2      	INCF        FSR1H, 1 
0x02C8	0xF004C03B  	MOVFF       _i, R4
0x02CC	0xF000C015  	MOVFF       _workingVar, R0
0x02D0	0xF001C016  	MOVFF       _workingVar+1, R1
0x02D4	0xF002C017  	MOVFF       _workingVar+2, R2
0x02D8	0xF003C018  	MOVFF       _workingVar+3, R3
0x02DC	0x5004      	MOVF        R4, 0 
L__renderFrame98:
0x02DE	0xE007      	BZ          L__renderFrame99
0x02E0	0x3203      	RRCF        R3, 1 
0x02E2	0x3202      	RRCF        R2, 1 
0x02E4	0x3201      	RRCF        R1, 1 
0x02E6	0x3200      	RRCF        R0, 1 
0x02E8	0x9E03      	BCF         R3, 7 
0x02EA	0x0FFF      	ADDLW       255
0x02EC	0xD7F8      	BRA         L__renderFrame98
L__renderFrame99:
0x02EE	0x0E01      	MOVLW       1
0x02F0	0x1400      	ANDWF       R0, 0 
0x02F2	0x6E00      	MOVWF       R0 
0x02F4	0xFFE6C000  	MOVFF       R0, POSTINC1
;3x3x3 PIC program v1.c,81 :: 		for(i = 0; i <= 26; i++) {
0x02F8	0x2A3B      	INCF        _i, 1 
;3x3x3 PIC program v1.c,83 :: 		}
0x02FA	0xD7DB      	BRA         L_renderFrame44
L_renderFrame45:
;3x3x3 PIC program v1.c,85 :: 		workingVar = greenValues;
0x02FC	0xF015C085  	MOVFF       FARG_renderFrame_greenValues, _workingVar
0x0300	0xF016C086  	MOVFF       FARG_renderFrame_greenValues+1, _workingVar+1
0x0304	0xF017C087  	MOVFF       FARG_renderFrame_greenValues+2, _workingVar+2
0x0308	0xF018C088  	MOVFF       FARG_renderFrame_greenValues+3, _workingVar+3
;3x3x3 PIC program v1.c,86 :: 		for(i = 0; i <= 26; i++) {
0x030C	0x6A3B      	CLRF        _i 
L_renderFrame47:
0x030E	0x503B      	MOVF        _i, 0 
0x0310	0x081A      	SUBLW       26
0x0312	0xE322      	BNC         L_renderFrame48
;3x3x3 PIC program v1.c,87 :: 		greenData[i] = (workingVar >> i) & 1;
0x0314	0x0E3E      	MOVLW       _greenData
0x0316	0x6EE1      	MOVWF       FSR1L 
0x0318	0x0E00      	MOVLW       hi_addr(_greenData)
0x031A	0x6EE2      	MOVWF       FSR1H 
0x031C	0x503B      	MOVF        _i, 0 
0x031E	0x26E1      	ADDWF       FSR1L, 1 
0x0320	0xB0D8      	BTFSC       STATUS, 0 
0x0322	0x2AE2      	INCF        FSR1H, 1 
0x0324	0xF004C03B  	MOVFF       _i, R4
0x0328	0xF000C015  	MOVFF       _workingVar, R0
0x032C	0xF001C016  	MOVFF       _workingVar+1, R1
0x0330	0xF002C017  	MOVFF       _workingVar+2, R2
0x0334	0xF003C018  	MOVFF       _workingVar+3, R3
0x0338	0x5004      	MOVF        R4, 0 
L__renderFrame100:
0x033A	0xE007      	BZ          L__renderFrame101
0x033C	0x3203      	RRCF        R3, 1 
0x033E	0x3202      	RRCF        R2, 1 
0x0340	0x3201      	RRCF        R1, 1 
0x0342	0x3200      	RRCF        R0, 1 
0x0344	0x9E03      	BCF         R3, 7 
0x0346	0x0FFF      	ADDLW       255
0x0348	0xD7F8      	BRA         L__renderFrame100
L__renderFrame101:
0x034A	0x0E01      	MOVLW       1
0x034C	0x1400      	ANDWF       R0, 0 
0x034E	0x6E00      	MOVWF       R0 
0x0350	0xFFE6C000  	MOVFF       R0, POSTINC1
;3x3x3 PIC program v1.c,86 :: 		for(i = 0; i <= 26; i++) {
0x0354	0x2A3B      	INCF        _i, 1 
;3x3x3 PIC program v1.c,88 :: 		}
0x0356	0xD7DB      	BRA         L_renderFrame47
L_renderFrame48:
;3x3x3 PIC program v1.c,90 :: 		workingVar = blueValues;
0x0358	0xF015C089  	MOVFF       FARG_renderFrame_blueValues, _workingVar
0x035C	0xF016C08A  	MOVFF       FARG_renderFrame_blueValues+1, _workingVar+1
0x0360	0xF017C08B  	MOVFF       FARG_renderFrame_blueValues+2, _workingVar+2
0x0364	0xF018C08C  	MOVFF       FARG_renderFrame_blueValues+3, _workingVar+3
;3x3x3 PIC program v1.c,91 :: 		for(i = 0; i <= 26; i++) {
0x0368	0x6A3B      	CLRF        _i 
L_renderFrame50:
0x036A	0x503B      	MOVF        _i, 0 
0x036C	0x081A      	SUBLW       26
0x036E	0xE322      	BNC         L_renderFrame51
;3x3x3 PIC program v1.c,92 :: 		blueData[i] = (workingVar >> i) & 1;
0x0370	0x0E20      	MOVLW       _blueData
0x0372	0x6EE1      	MOVWF       FSR1L 
0x0374	0x0E00      	MOVLW       hi_addr(_blueData)
0x0376	0x6EE2      	MOVWF       FSR1H 
0x0378	0x503B      	MOVF        _i, 0 
0x037A	0x26E1      	ADDWF       FSR1L, 1 
0x037C	0xB0D8      	BTFSC       STATUS, 0 
0x037E	0x2AE2      	INCF        FSR1H, 1 
0x0380	0xF004C03B  	MOVFF       _i, R4
0x0384	0xF000C015  	MOVFF       _workingVar, R0
0x0388	0xF001C016  	MOVFF       _workingVar+1, R1
0x038C	0xF002C017  	MOVFF       _workingVar+2, R2
0x0390	0xF003C018  	MOVFF       _workingVar+3, R3
0x0394	0x5004      	MOVF        R4, 0 
L__renderFrame102:
0x0396	0xE007      	BZ          L__renderFrame103
0x0398	0x3203      	RRCF        R3, 1 
0x039A	0x3202      	RRCF        R2, 1 
0x039C	0x3201      	RRCF        R1, 1 
0x039E	0x3200      	RRCF        R0, 1 
0x03A0	0x9E03      	BCF         R3, 7 
0x03A2	0x0FFF      	ADDLW       255
0x03A4	0xD7F8      	BRA         L__renderFrame102
L__renderFrame103:
0x03A6	0x0E01      	MOVLW       1
0x03A8	0x1400      	ANDWF       R0, 0 
0x03AA	0x6E00      	MOVWF       R0 
0x03AC	0xFFE6C000  	MOVFF       R0, POSTINC1
;3x3x3 PIC program v1.c,91 :: 		for(i = 0; i <= 26; i++) {
0x03B0	0x2A3B      	INCF        _i, 1 
;3x3x3 PIC program v1.c,93 :: 		}
0x03B2	0xD7DB      	BRA         L_renderFrame50
L_renderFrame51:
;3x3x3 PIC program v1.c,95 :: 		for(k = 0; k < holdTime; k++) {
0x03B4	0x6A1E      	CLRF        _k 
L_renderFrame53:
0x03B6	0x0100      	MOVLB       0
0x03B8	0x518D      	MOVF        FARG_renderFrame_holdTime, 0, 1
0x03BA	0x5C1E      	SUBWF       _k, 0 
0x03BC	0xE203      	BC          L_renderFrame54
;3x3x3 PIC program v1.c,96 :: 		displayFrame();
0x03BE	0xDEA9      	RCALL       _displayFrame
;3x3x3 PIC program v1.c,95 :: 		for(k = 0; k < holdTime; k++) {
0x03C0	0x2A1E      	INCF        _k, 1 
;3x3x3 PIC program v1.c,97 :: 		}
0x03C2	0xD7F9      	BRA         L_renderFrame53
L_renderFrame54:
;3x3x3 PIC program v1.c,98 :: 		}
L_end_renderFrame:
0x03C4	0x0012      	RETURN      0
; end of _renderFrame
_Div_16x16_S:
;__Lib_Math.c,200 :: 		
;__Lib_Math.c,208 :: 		
0x03C6	0x5004      	MOVF        R4, 0 
0x03C8	0x0A00      	XORLW       0
0x03CA	0xE108      	BNZ         L_Div_16x16_S0
;__Lib_Math.c,209 :: 		
0x03CC	0x5005      	MOVF        R5, 0 
0x03CE	0x0A00      	XORLW       0
0x03D0	0xE105      	BNZ         L_Div_16x16_S1
;__Lib_Math.c,210 :: 		
0x03D2	0x0EFF      	MOVLW       255
0x03D4	0x6E00      	MOVWF       R0 
;__Lib_Math.c,211 :: 		
0x03D6	0x0E7F      	MOVLW       127
0x03D8	0x6E01      	MOVWF       R1 
;__Lib_Math.c,212 :: 		
0x03DA	0xD057      	BRA         L_end_Div_16x16_S
;__Lib_Math.c,213 :: 		
L_Div_16x16_S1:
L_Div_16x16_S0:
;__Lib_Math.c,216 :: 		
0x03DC	0x6A0D      	CLRF        R13, 0
;__Lib_Math.c,217 :: 		
0x03DE	0x6A09      	CLRF        R9, 0
;__Lib_Math.c,218 :: 		
0x03E0	0x6A08      	CLRF        R8, 0
;__Lib_Math.c,219 :: 		
0x03E2	0x5001      	MOVF        R1, 0, 0
;__Lib_Math.c,220 :: 		
0x03E4	0x1000      	IORWF       R0, 0, 0
;__Lib_Math.c,221 :: 		
0x03E6	0xB4D8      	BTFSC       STATUS, 2, 0
;__Lib_Math.c,222 :: 		
0x03E8	0x0C00      	RETLW       0
;__Lib_Math.c,224 :: 		
0x03EA	0x5001      	MOVF        R1, 0, 0
;__Lib_Math.c,225 :: 		
0x03EC	0x1805      	XORWF       R5, 0, 0
;__Lib_Math.c,226 :: 		
0x03EE	0x6E0A      	MOVWF       R10, 0
;__Lib_Math.c,227 :: 		
0x03F0	0xBE0A      	BTFSC       R10, 7, 0
;__Lib_Math.c,228 :: 		
0x03F2	0x1E0D      	COMF        R13, 1, 0
;__Lib_Math.c,230 :: 		
0x03F4	0x6A0B      	CLRF        R11, 0
;__Lib_Math.c,232 :: 		
0x03F6	0xAE05      	BTFSS       R5, 7, 0
;__Lib_Math.c,233 :: 		
0x03F8	0xD005      	BRA         $+12
;__Lib_Math.c,235 :: 		
0x03FA	0x1E04      	COMF        R4, 1, 0
;__Lib_Math.c,236 :: 		
0x03FC	0x1E05      	COMF        R5, 1, 0
;__Lib_Math.c,237 :: 		
0x03FE	0x2A04      	INCF        R4, 1, 0
;__Lib_Math.c,238 :: 		
0x0400	0xB4D8      	BTFSC       STATUS, 2, 0
;__Lib_Math.c,239 :: 		
0x0402	0x2A05      	INCF        R5, 1, 0
;__Lib_Math.c,241 :: 		
0x0404	0xAE01      	BTFSS       R1, 7, 0
;__Lib_Math.c,242 :: 		
0x0406	0xD005      	BRA         $+12
;__Lib_Math.c,244 :: 		
0x0408	0x1E00      	COMF        R0, 1, 0
;__Lib_Math.c,245 :: 		
0x040A	0x1E01      	COMF        R1, 1, 0
;__Lib_Math.c,246 :: 		
0x040C	0x2A00      	INCF        R0, 1, 0
;__Lib_Math.c,247 :: 		
0x040E	0xB4D8      	BTFSC       STATUS, 2, 0
;__Lib_Math.c,248 :: 		
0x0410	0x2A01      	INCF        R1, 1, 0
;__Lib_Math.c,250 :: 		
0x0412	0x5001      	MOVF        R1, 0, 0
;__Lib_Math.c,251 :: 		
0x0414	0x1005      	IORWF       R5, 0, 0
;__Lib_Math.c,252 :: 		
0x0416	0x6E0A      	MOVWF       R10, 0
;__Lib_Math.c,253 :: 		
0x0418	0xBE0A      	BTFSC       R10, 7, 0
;__Lib_Math.c,254 :: 		
0x041A	0xD010      	BRA         $+34
;__Lib_Math.c,256 :: 		
0x041C	0xDEEC      	RCALL       _Div_16x16_S_L
;__Lib_Math.c,258 :: 		
0x041E	0xB00B      	BTFSC       R11, 0, 0
;__Lib_Math.c,259 :: 		
0x0420	0xD020      	BRA         $+66
;__Lib_Math.c,261 :: 		
0x0422	0xAE0D      	BTFSS       R13, 7, 0
;__Lib_Math.c,262 :: 		
0x0424	0x0C00      	RETLW       0
;__Lib_Math.c,264 :: 		
0x0426	0x1E00      	COMF        R0, 1, 0
;__Lib_Math.c,265 :: 		
0x0428	0x1E01      	COMF        R1, 1, 0
;__Lib_Math.c,266 :: 		
0x042A	0x2A00      	INCF        R0, 1, 0
;__Lib_Math.c,267 :: 		
0x042C	0xB4D8      	BTFSC       STATUS, 2, 0
;__Lib_Math.c,268 :: 		
0x042E	0x2A01      	INCF        R1, 1, 0
;__Lib_Math.c,270 :: 		
0x0430	0x1E08      	COMF        R8, 1, 0
;__Lib_Math.c,271 :: 		
0x0432	0x1E09      	COMF        R9, 1, 0
;__Lib_Math.c,272 :: 		
0x0434	0x2A08      	INCF        R8, 1, 0
;__Lib_Math.c,273 :: 		
0x0436	0xB4D8      	BTFSC       STATUS, 2, 0
;__Lib_Math.c,274 :: 		
0x0438	0x2A09      	INCF        R9, 1, 0
;__Lib_Math.c,276 :: 		
0x043A	0x0C00      	RETLW       0
;__Lib_Math.c,278 :: 		
0x043C	0xAE05      	BTFSS       R5, 7, 0
;__Lib_Math.c,279 :: 		
0x043E	0xD00D      	BRA         $+28
;__Lib_Math.c,280 :: 		
0x0440	0xBE01      	BTFSC       R1, 7, 0
;__Lib_Math.c,281 :: 		
0x0442	0xD007      	BRA         $+16
;__Lib_Math.c,282 :: 		
0x0444	0x5001      	MOVF        R1, 0, 0
;__Lib_Math.c,283 :: 		
0x0446	0x6E09      	MOVWF       R9, 0
;__Lib_Math.c,284 :: 		
0x0448	0x5000      	MOVF        R0, 0, 0
;__Lib_Math.c,285 :: 		
0x044A	0x6E08      	MOVWF       R8, 0
;__Lib_Math.c,286 :: 		
0x044C	0x6A01      	CLRF        R1, 0
;__Lib_Math.c,287 :: 		
0x044E	0x6A00      	CLRF        R0, 0
;__Lib_Math.c,288 :: 		
0x0450	0xD7E8      	BRA         $-46
;__Lib_Math.c,289 :: 		
0x0452	0x6A01      	CLRF        R1, 0
;__Lib_Math.c,290 :: 		
0x0454	0x6A00      	CLRF        R0, 0
;__Lib_Math.c,291 :: 		
0x0456	0x2A00      	INCF        R0, 1, 0
;__Lib_Math.c,292 :: 		
0x0458	0x0C00      	RETLW       0
;__Lib_Math.c,294 :: 		
0x045A	0x1E01      	COMF        R1, 1, 0
;__Lib_Math.c,295 :: 		
0x045C	0x1E00      	COMF        R0, 1, 0
;__Lib_Math.c,296 :: 		
0x045E	0x2A0B      	INCF        R11, 1, 0
;__Lib_Math.c,297 :: 		
0x0460	0xD7DD      	BRA         $-68
;__Lib_Math.c,299 :: 		
0x0462	0x2A08      	INCF        R8, 1, 0
;__Lib_Math.c,300 :: 		
0x0464	0xB4D8      	BTFSC       STATUS, 2, 0
;__Lib_Math.c,301 :: 		
0x0466	0x2A09      	INCF        R9, 1, 0
;__Lib_Math.c,302 :: 		
0x0468	0x5004      	MOVF        R4, 0, 0
;__Lib_Math.c,303 :: 		
0x046A	0x5C08      	SUBWF       R8, 0, 0
;__Lib_Math.c,304 :: 		
0x046C	0xA4D8      	BTFSS       STATUS, 2, 0
;__Lib_Math.c,305 :: 		
0x046E	0xD7D9      	BRA         $-76
;__Lib_Math.c,306 :: 		
0x0470	0x5005      	MOVF        R5, 0, 0
;__Lib_Math.c,307 :: 		
0x0472	0x5C09      	SUBWF       R9, 0, 0
;__Lib_Math.c,308 :: 		
0x0474	0xA4D8      	BTFSS       STATUS, 2, 0
;__Lib_Math.c,309 :: 		
0x0476	0xD7D5      	BRA         $-84
;__Lib_Math.c,310 :: 		
0x0478	0x6A09      	CLRF        R9, 0
;__Lib_Math.c,311 :: 		
0x047A	0x6A08      	CLRF        R8, 0
;__Lib_Math.c,312 :: 		
0x047C	0x2A00      	INCF        R0, 1, 0
;__Lib_Math.c,313 :: 		
0x047E	0xB4D8      	BTFSC       STATUS, 2, 0
;__Lib_Math.c,314 :: 		
0x0480	0x2A01      	INCF        R1, 1, 0
;__Lib_Math.c,315 :: 		
0x0482	0xAE01      	BTFSS       R1, 7, 0
;__Lib_Math.c,316 :: 		
0x0484	0xD7CE      	BRA         $-98
;__Lib_Math.c,317 :: 		
0x0486	0x0000      	NOP
;__Lib_Math.c,318 :: 		
0x0488	0x0CFF      	RETLW       255
;__Lib_Math.c,320 :: 		
L_end_Div_16x16_S:
0x048A	0x0012      	RETURN      0
; end of _Div_16x16_S
_rand:
;__Lib_CStdlib.c,307 :: 		
;__Lib_CStdlib.c,308 :: 		
0x048C	0x521F      	MOVF        __Lib_CStdlib_randf, 1 
0x048E	0xE105      	BNZ         L_rand75
;__Lib_CStdlib.c,309 :: 		
0x0490	0x0E01      	MOVLW       1
0x0492	0x6E7E      	MOVWF       FARG_srand_x 
0x0494	0x0E00      	MOVLW       0
0x0496	0x6E7F      	MOVWF       FARG_srand_x+1 
0x0498	0xDE32      	RCALL       _srand
L_rand75:
;__Lib_CStdlib.c,310 :: 		
0x049A	0xF000C01A  	MOVFF       __Lib_CStdlib_randx, R0
0x049E	0xF001C01B  	MOVFF       __Lib_CStdlib_randx+1, R1
0x04A2	0xF002C01C  	MOVFF       __Lib_CStdlib_randx+2, R2
0x04A6	0xF003C01D  	MOVFF       __Lib_CStdlib_randx+3, R3
0x04AA	0x0E6D      	MOVLW       109
0x04AC	0x6E04      	MOVWF       R4 
0x04AE	0x0E4E      	MOVLW       78
0x04B0	0x6E05      	MOVWF       R5 
0x04B2	0x0EC6      	MOVLW       198
0x04B4	0x6E06      	MOVWF       R6 
0x04B6	0x0E41      	MOVLW       65
0x04B8	0x6E07      	MOVWF       R7 
0x04BA	0xDEC9      	RCALL       _Mul_32x32_U
0x04BC	0x0E39      	MOVLW       57
0x04BE	0x2400      	ADDWF       R0, 0 
0x04C0	0x6E05      	MOVWF       R5 
0x04C2	0x0E30      	MOVLW       48
0x04C4	0x2001      	ADDWFC      R1, 0 
0x04C6	0x6E06      	MOVWF       R6 
0x04C8	0x0E00      	MOVLW       0
0x04CA	0x2002      	ADDWFC      R2, 0 
0x04CC	0x6E07      	MOVWF       R7 
0x04CE	0x0E00      	MOVLW       0
0x04D0	0x2003      	ADDWFC      R3, 0 
0x04D2	0x6E08      	MOVWF       R8 
0x04D4	0xF000C007  	MOVFF       R7, R0
0x04D8	0xF001C008  	MOVFF       R8, R1
0x04DC	0x0E00      	MOVLW       0
0x04DE	0xBE08      	BTFSC       R8, 7 
0x04E0	0x0EFF      	MOVLW       255
0x04E2	0x6E02      	MOVWF       R2 
0x04E4	0x6E03      	MOVWF       R3 
0x04E6	0x0EFF      	MOVLW       255
0x04E8	0x1600      	ANDWF       R0, 1 
0x04EA	0x0E7F      	MOVLW       127
0x04EC	0x1601      	ANDWF       R1, 1 
0x04EE	0x0E00      	MOVLW       0
0x04F0	0x1602      	ANDWF       R2, 1 
0x04F2	0x1603      	ANDWF       R3, 1 
0x04F4	0xF01AC000  	MOVFF       R0, __Lib_CStdlib_randx
0x04F8	0xF01BC001  	MOVFF       R1, __Lib_CStdlib_randx+1
0x04FC	0xF01CC002  	MOVFF       R2, __Lib_CStdlib_randx+2
0x0500	0xF01DC003  	MOVFF       R3, __Lib_CStdlib_randx+3
;__Lib_CStdlib.c,311 :: 		
;__Lib_CStdlib.c,312 :: 		
L_end_rand:
0x0504	0x0012      	RETURN      0
; end of _rand
___CC2DW:
;__Lib_System.c,21 :: 		
;__Lib_System.c,23 :: 		
_CC2DL_Loop1:
;__Lib_System.c,24 :: 		
0x0506	0x0009      	TBLRD*+
;__Lib_System.c,25 :: 		
0x0508	0xFFE6CFF5  	MOVFF       TABLAT, POSTINC1
;__Lib_System.c,26 :: 		
0x050C	0x0600      	DECF        R0, 1, 0
;__Lib_System.c,27 :: 		
0x050E	0xE1FB      	BNZ         _CC2DL_Loop1
;__Lib_System.c,28 :: 		
0x0510	0x0601      	DECF        R1, 1, 0
;__Lib_System.c,29 :: 		
0x0512	0xE1F9      	BNZ         _CC2DL_Loop1
;__Lib_System.c,31 :: 		
L_end___CC2DW:
0x0514	0x0012      	RETURN      0
; end of ___CC2DW
_randomPixle:
;3x3x3 PIC program v1.c,100 :: 		void randomPixle(int count) {
;3x3x3 PIC program v1.c,101 :: 		while(count>0) {
L_randomPixle56:
0x0516	0x0E80      	MOVLW       128
0x0518	0x6E00      	MOVWF       R0 
0x051A	0x0E80      	MOVLW       128
0x051C	0x1877      	XORWF       FARG_randomPixle_count+1, 0 
0x051E	0x5C00      	SUBWF       R0, 0 
0x0520	0xE102      	BNZ         L__randomPixle105
0x0522	0x5076      	MOVF        FARG_randomPixle_count, 0 
0x0524	0x0800      	SUBLW       0
L__randomPixle105:
0x0526	0xB0D8      	BTFSC       STATUS, 0 
0x0528	0xD10C      	BRA         L_randomPixle57
;3x3x3 PIC program v1.c,102 :: 		switch(rand()%(3)) {
0x052A	0xDFB0      	RCALL       _rand
0x052C	0x0E03      	MOVLW       3
0x052E	0x6E04      	MOVWF       R4 
0x0530	0x0E00      	MOVLW       0
0x0532	0x6E05      	MOVWF       R5 
0x0534	0xDF48      	RCALL       _Div_16x16_S
0x0536	0xF000C008  	MOVFF       R8, R0
0x053A	0xF001C009  	MOVFF       R9, R1
0x053E	0xF07CC000  	MOVFF       R0, FLOC__randomPixle+4
0x0542	0xF07DC001  	MOVFF       R1, FLOC__randomPixle+5
0x0546	0xD0E4      	BRA         L_randomPixle58
;3x3x3 PIC program v1.c,103 :: 		case 0: renderFrame(0400000000>>(rand()%27), 0400000000>>(rand()%27), 0, 3); allOff(); break;
L_randomPixle60:
0x0548	0xDFA1      	RCALL       _rand
0x054A	0x0E1B      	MOVLW       27
0x054C	0x6E04      	MOVWF       R4 
0x054E	0x0E00      	MOVLW       0
0x0550	0x6E05      	MOVWF       R5 
0x0552	0xDF39      	RCALL       _Div_16x16_S
0x0554	0xF000C008  	MOVFF       R8, R0
0x0558	0xF001C009  	MOVFF       R9, R1
0x055C	0x0E00      	MOVLW       0
0x055E	0x6E78      	MOVWF       FLOC__randomPixle 
0x0560	0x0E00      	MOVLW       0
0x0562	0x6E79      	MOVWF       FLOC__randomPixle+1 
0x0564	0x0E00      	MOVLW       0
0x0566	0x6E7A      	MOVWF       FLOC__randomPixle+2 
0x0568	0x0E04      	MOVLW       4
0x056A	0x6E7B      	MOVWF       FLOC__randomPixle+3 
0x056C	0x5000      	MOVF        R0, 0 
L__randomPixle106:
0x056E	0xE009      	BZ          L__randomPixle107
0x0570	0x327B      	RRCF        FLOC__randomPixle+3, 1 
0x0572	0x327A      	RRCF        FLOC__randomPixle+2, 1 
0x0574	0x3279      	RRCF        FLOC__randomPixle+1, 1 
0x0576	0x3278      	RRCF        FLOC__randomPixle, 1 
0x0578	0x9E7B      	BCF         FLOC__randomPixle+3, 7 
0x057A	0xBC7B      	BTFSC       FLOC__randomPixle+3, 6 
0x057C	0x8E7B      	BSF         FLOC__randomPixle+3, 7 
0x057E	0x0FFF      	ADDLW       255
0x0580	0xD7F6      	BRA         L__randomPixle106
L__randomPixle107:
0x0582	0xDF84      	RCALL       _rand
0x0584	0x0E1B      	MOVLW       27
0x0586	0x6E04      	MOVWF       R4 
0x0588	0x0E00      	MOVLW       0
0x058A	0x6E05      	MOVWF       R5 
0x058C	0xDF1C      	RCALL       _Div_16x16_S
0x058E	0xF000C008  	MOVFF       R8, R0
0x0592	0xF001C009  	MOVFF       R9, R1
0x0596	0x0E00      	MOVLW       0
0x0598	0x0100      	MOVLB       0
0x059A	0x6F81      	MOVWF       FARG_renderFrame_redValues, 1
0x059C	0x0E00      	MOVLW       0
0x059E	0x6F82      	MOVWF       FARG_renderFrame_redValues+1, 1
0x05A0	0x0E00      	MOVLW       0
0x05A2	0x6F83      	MOVWF       FARG_renderFrame_redValues+2, 1
0x05A4	0x0E04      	MOVLW       4
0x05A6	0x6F84      	MOVWF       FARG_renderFrame_redValues+3, 1
0x05A8	0x5000      	MOVF        R0, 0 
L__randomPixle108:
0x05AA	0xE009      	BZ          L__randomPixle109
0x05AC	0x3384      	RRCF        FARG_renderFrame_redValues+3, 1, 1
0x05AE	0x3383      	RRCF        FARG_renderFrame_redValues+2, 1, 1
0x05B0	0x3382      	RRCF        FARG_renderFrame_redValues+1, 1, 1
0x05B2	0x3381      	RRCF        FARG_renderFrame_redValues, 1, 1
0x05B4	0x9F84      	BCF         FARG_renderFrame_redValues+3, 7, 1
0x05B6	0xBD84      	BTFSC       FARG_renderFrame_redValues+3, 6, 1
0x05B8	0x8F84      	BSF         FARG_renderFrame_redValues+3, 7, 1
0x05BA	0x0FFF      	ADDLW       255
0x05BC	0xD7F6      	BRA         L__randomPixle108
L__randomPixle109:
0x05BE	0x6B89      	CLRF        FARG_renderFrame_blueValues, 1
0x05C0	0x6B8A      	CLRF        FARG_renderFrame_blueValues+1, 1
0x05C2	0x6B8B      	CLRF        FARG_renderFrame_blueValues+2, 1
0x05C4	0x6B8C      	CLRF        FARG_renderFrame_blueValues+3, 1
0x05C6	0x0E03      	MOVLW       3
0x05C8	0x6F8D      	MOVWF       FARG_renderFrame_holdTime, 1
0x05CA	0xF085C078  	MOVFF       FLOC__randomPixle, FARG_renderFrame_greenValues
0x05CE	0xF086C079  	MOVFF       FLOC__randomPixle+1, FARG_renderFrame_greenValues+1
0x05D2	0xF087C07A  	MOVFF       FLOC__randomPixle+2, FARG_renderFrame_greenValues+2
0x05D6	0xF088C07B  	MOVFF       FLOC__randomPixle+3, FARG_renderFrame_greenValues+3
0x05DA	0xDE62      	RCALL       _renderFrame
0x05DC	0xDD8A      	RCALL       _allOff
0x05DE	0xD0AC      	BRA         L_randomPixle59
;3x3x3 PIC program v1.c,104 :: 		case 1: renderFrame(0, 0400000000>>(rand()%27), 0400000000>>(rand()%27), 3); allOff(); break;
L_randomPixle61:
0x05E0	0xDF55      	RCALL       _rand
0x05E2	0x0E1B      	MOVLW       27
0x05E4	0x6E04      	MOVWF       R4 
0x05E6	0x0E00      	MOVLW       0
0x05E8	0x6E05      	MOVWF       R5 
0x05EA	0xDEED      	RCALL       _Div_16x16_S
0x05EC	0xF000C008  	MOVFF       R8, R0
0x05F0	0xF001C009  	MOVFF       R9, R1
0x05F4	0x0E00      	MOVLW       0
0x05F6	0x6E78      	MOVWF       FLOC__randomPixle 
0x05F8	0x0E00      	MOVLW       0
0x05FA	0x6E79      	MOVWF       FLOC__randomPixle+1 
0x05FC	0x0E00      	MOVLW       0
0x05FE	0x6E7A      	MOVWF       FLOC__randomPixle+2 
0x0600	0x0E04      	MOVLW       4
0x0602	0x6E7B      	MOVWF       FLOC__randomPixle+3 
0x0604	0x5000      	MOVF        R0, 0 
L__randomPixle110:
0x0606	0xE009      	BZ          L__randomPixle111
0x0608	0x327B      	RRCF        FLOC__randomPixle+3, 1 
0x060A	0x327A      	RRCF        FLOC__randomPixle+2, 1 
0x060C	0x3279      	RRCF        FLOC__randomPixle+1, 1 
0x060E	0x3278      	RRCF        FLOC__randomPixle, 1 
0x0610	0x9E7B      	BCF         FLOC__randomPixle+3, 7 
0x0612	0xBC7B      	BTFSC       FLOC__randomPixle+3, 6 
0x0614	0x8E7B      	BSF         FLOC__randomPixle+3, 7 
0x0616	0x0FFF      	ADDLW       255
0x0618	0xD7F6      	BRA         L__randomPixle110
L__randomPixle111:
0x061A	0xDF38      	RCALL       _rand
0x061C	0x0E1B      	MOVLW       27
0x061E	0x6E04      	MOVWF       R4 
0x0620	0x0E00      	MOVLW       0
0x0622	0x6E05      	MOVWF       R5 
0x0624	0xDED0      	RCALL       _Div_16x16_S
0x0626	0xF000C008  	MOVFF       R8, R0
0x062A	0xF001C009  	MOVFF       R9, R1
0x062E	0x0E00      	MOVLW       0
0x0630	0x0100      	MOVLB       0
0x0632	0x6F85      	MOVWF       FARG_renderFrame_greenValues, 1
0x0634	0x0E00      	MOVLW       0
0x0636	0x6F86      	MOVWF       FARG_renderFrame_greenValues+1, 1
0x0638	0x0E00      	MOVLW       0
0x063A	0x6F87      	MOVWF       FARG_renderFrame_greenValues+2, 1
0x063C	0x0E04      	MOVLW       4
0x063E	0x6F88      	MOVWF       FARG_renderFrame_greenValues+3, 1
0x0640	0x5000      	MOVF        R0, 0 
L__randomPixle112:
0x0642	0xE009      	BZ          L__randomPixle113
0x0644	0x3388      	RRCF        FARG_renderFrame_greenValues+3, 1, 1
0x0646	0x3387      	RRCF        FARG_renderFrame_greenValues+2, 1, 1
0x0648	0x3386      	RRCF        FARG_renderFrame_greenValues+1, 1, 1
0x064A	0x3385      	RRCF        FARG_renderFrame_greenValues, 1, 1
0x064C	0x9F88      	BCF         FARG_renderFrame_greenValues+3, 7, 1
0x064E	0xBD88      	BTFSC       FARG_renderFrame_greenValues+3, 6, 1
0x0650	0x8F88      	BSF         FARG_renderFrame_greenValues+3, 7, 1
0x0652	0x0FFF      	ADDLW       255
0x0654	0xD7F6      	BRA         L__randomPixle112
L__randomPixle113:
0x0656	0x6B81      	CLRF        FARG_renderFrame_redValues, 1
0x0658	0x6B82      	CLRF        FARG_renderFrame_redValues+1, 1
0x065A	0x6B83      	CLRF        FARG_renderFrame_redValues+2, 1
0x065C	0x6B84      	CLRF        FARG_renderFrame_redValues+3, 1
0x065E	0x0E03      	MOVLW       3
0x0660	0x6F8D      	MOVWF       FARG_renderFrame_holdTime, 1
0x0662	0xF089C078  	MOVFF       FLOC__randomPixle, FARG_renderFrame_blueValues
0x0666	0xF08AC079  	MOVFF       FLOC__randomPixle+1, FARG_renderFrame_blueValues+1
0x066A	0xF08BC07A  	MOVFF       FLOC__randomPixle+2, FARG_renderFrame_blueValues+2
0x066E	0xF08CC07B  	MOVFF       FLOC__randomPixle+3, FARG_renderFrame_blueValues+3
0x0672	0xDE16      	RCALL       _renderFrame
0x0674	0xDD3E      	RCALL       _allOff
0x0676	0xD060      	BRA         L_randomPixle59
;3x3x3 PIC program v1.c,105 :: 		case 2: renderFrame(0400000000>>(rand()%27), 0, 0400000000>>(rand()%27), 3); allOff(); break;
L_randomPixle62:
0x0678	0xDF09      	RCALL       _rand
0x067A	0x0E1B      	MOVLW       27
0x067C	0x6E04      	MOVWF       R4 
0x067E	0x0E00      	MOVLW       0
0x0680	0x6E05      	MOVWF       R5 
0x0682	0xDEA1      	RCALL       _Div_16x16_S
0x0684	0xF000C008  	MOVFF       R8, R0
0x0688	0xF001C009  	MOVFF       R9, R1
0x068C	0x0E00      	MOVLW       0
0x068E	0x6E78      	MOVWF       FLOC__randomPixle 
0x0690	0x0E00      	MOVLW       0
0x0692	0x6E79      	MOVWF       FLOC__randomPixle+1 
0x0694	0x0E00      	MOVLW       0
0x0696	0x6E7A      	MOVWF       FLOC__randomPixle+2 
0x0698	0x0E04      	MOVLW       4
0x069A	0x6E7B      	MOVWF       FLOC__randomPixle+3 
0x069C	0x5000      	MOVF        R0, 0 
L__randomPixle114:
0x069E	0xE009      	BZ          L__randomPixle115
0x06A0	0x327B      	RRCF        FLOC__randomPixle+3, 1 
0x06A2	0x327A      	RRCF        FLOC__randomPixle+2, 1 
0x06A4	0x3279      	RRCF        FLOC__randomPixle+1, 1 
0x06A6	0x3278      	RRCF        FLOC__randomPixle, 1 
0x06A8	0x9E7B      	BCF         FLOC__randomPixle+3, 7 
0x06AA	0xBC7B      	BTFSC       FLOC__randomPixle+3, 6 
0x06AC	0x8E7B      	BSF         FLOC__randomPixle+3, 7 
0x06AE	0x0FFF      	ADDLW       255
0x06B0	0xD7F6      	BRA         L__randomPixle114
L__randomPixle115:
0x06B2	0xDEEC      	RCALL       _rand
0x06B4	0x0E1B      	MOVLW       27
0x06B6	0x6E04      	MOVWF       R4 
0x06B8	0x0E00      	MOVLW       0
0x06BA	0x6E05      	MOVWF       R5 
0x06BC	0xDE84      	RCALL       _Div_16x16_S
0x06BE	0xF000C008  	MOVFF       R8, R0
0x06C2	0xF001C009  	MOVFF       R9, R1
0x06C6	0x0E00      	MOVLW       0
0x06C8	0x0100      	MOVLB       0
0x06CA	0x6F81      	MOVWF       FARG_renderFrame_redValues, 1
0x06CC	0x0E00      	MOVLW       0
0x06CE	0x6F82      	MOVWF       FARG_renderFrame_redValues+1, 1
0x06D0	0x0E00      	MOVLW       0
0x06D2	0x6F83      	MOVWF       FARG_renderFrame_redValues+2, 1
0x06D4	0x0E04      	MOVLW       4
0x06D6	0x6F84      	MOVWF       FARG_renderFrame_redValues+3, 1
0x06D8	0x5000      	MOVF        R0, 0 
L__randomPixle116:
0x06DA	0xE009      	BZ          L__randomPixle117
0x06DC	0x3384      	RRCF        FARG_renderFrame_redValues+3, 1, 1
0x06DE	0x3383      	RRCF        FARG_renderFrame_redValues+2, 1, 1
0x06E0	0x3382      	RRCF        FARG_renderFrame_redValues+1, 1, 1
0x06E2	0x3381      	RRCF        FARG_renderFrame_redValues, 1, 1
0x06E4	0x9F84      	BCF         FARG_renderFrame_redValues+3, 7, 1
0x06E6	0xBD84      	BTFSC       FARG_renderFrame_redValues+3, 6, 1
0x06E8	0x8F84      	BSF         FARG_renderFrame_redValues+3, 7, 1
0x06EA	0x0FFF      	ADDLW       255
0x06EC	0xD7F6      	BRA         L__randomPixle116
L__randomPixle117:
0x06EE	0x6B85      	CLRF        FARG_renderFrame_greenValues, 1
0x06F0	0x6B86      	CLRF        FARG_renderFrame_greenValues+1, 1
0x06F2	0x6B87      	CLRF        FARG_renderFrame_greenValues+2, 1
0x06F4	0x6B88      	CLRF        FARG_renderFrame_greenValues+3, 1
0x06F6	0x0E03      	MOVLW       3
0x06F8	0x6F8D      	MOVWF       FARG_renderFrame_holdTime, 1
0x06FA	0xF089C078  	MOVFF       FLOC__randomPixle, FARG_renderFrame_blueValues
0x06FE	0xF08AC079  	MOVFF       FLOC__randomPixle+1, FARG_renderFrame_blueValues+1
0x0702	0xF08BC07A  	MOVFF       FLOC__randomPixle+2, FARG_renderFrame_blueValues+2
0x0706	0xF08CC07B  	MOVFF       FLOC__randomPixle+3, FARG_renderFrame_blueValues+3
0x070A	0xDDCA      	RCALL       _renderFrame
0x070C	0xDCF2      	RCALL       _allOff
0x070E	0xD014      	BRA         L_randomPixle59
;3x3x3 PIC program v1.c,106 :: 		}
L_randomPixle58:
0x0710	0x0E00      	MOVLW       0
0x0712	0x187D      	XORWF       FLOC__randomPixle+5, 0 
0x0714	0xE102      	BNZ         L__randomPixle118
0x0716	0x0E00      	MOVLW       0
0x0718	0x187C      	XORWF       FLOC__randomPixle+4, 0 
L__randomPixle118:
0x071A	0xB4D8      	BTFSC       STATUS, 2 
0x071C	0xD715      	BRA         L_randomPixle60
0x071E	0x0E00      	MOVLW       0
0x0720	0x187D      	XORWF       FLOC__randomPixle+5, 0 
0x0722	0xE102      	BNZ         L__randomPixle119
0x0724	0x0E01      	MOVLW       1
0x0726	0x187C      	XORWF       FLOC__randomPixle+4, 0 
L__randomPixle119:
0x0728	0xB4D8      	BTFSC       STATUS, 2 
0x072A	0xD75A      	BRA         L_randomPixle61
0x072C	0x0E00      	MOVLW       0
0x072E	0x187D      	XORWF       FLOC__randomPixle+5, 0 
0x0730	0xE102      	BNZ         L__randomPixle120
0x0732	0x0E02      	MOVLW       2
0x0734	0x187C      	XORWF       FLOC__randomPixle+4, 0 
L__randomPixle120:
0x0736	0xE0A0      	BZ          L_randomPixle62
L_randomPixle59:
;3x3x3 PIC program v1.c,107 :: 		count--;
0x0738	0x0E01      	MOVLW       1
0x073A	0x5E76      	SUBWF       FARG_randomPixle_count, 1 
0x073C	0x0E00      	MOVLW       0
0x073E	0x5A77      	SUBWFB      FARG_randomPixle_count+1, 1 
;3x3x3 PIC program v1.c,108 :: 		}
0x0740	0xD6EA      	BRA         L_randomPixle56
L_randomPixle57:
;3x3x3 PIC program v1.c,109 :: 		}
L_end_randomPixle:
0x0742	0x0012      	RETURN      0
; end of _randomPixle
_usaFlash:
;3x3x3 PIC program v1.c,149 :: 		void usaFlash(int count) {
;3x3x3 PIC program v1.c,150 :: 		while(count>0) {  //red white and blue
L_usaFlash76:
0x0744	0x0E80      	MOVLW       128
0x0746	0x6E00      	MOVWF       R0 
0x0748	0x0E80      	MOVLW       128
0x074A	0x1877      	XORWF       FARG_usaFlash_count+1, 0 
0x074C	0x5C00      	SUBWF       R0, 0 
0x074E	0xE102      	BNZ         L__usaFlash126
0x0750	0x5076      	MOVF        FARG_usaFlash_count, 0 
0x0752	0x0800      	SUBLW       0
L__usaFlash126:
0x0754	0xE230      	BC          L_usaFlash77
;3x3x3 PIC program v1.c,151 :: 		renderFrame(0000777777, 0000777000, 0777777000, 20); allOff();
0x0756	0x0EFF      	MOVLW       255
0x0758	0x0100      	MOVLB       0
0x075A	0x6F81      	MOVWF       FARG_renderFrame_redValues, 1
0x075C	0x0EFF      	MOVLW       255
0x075E	0x6F82      	MOVWF       FARG_renderFrame_redValues+1, 1
0x0760	0x0E03      	MOVLW       3
0x0762	0x6F83      	MOVWF       FARG_renderFrame_redValues+2, 1
0x0764	0x0E00      	MOVLW       0
0x0766	0x6F84      	MOVWF       FARG_renderFrame_redValues+3, 1
0x0768	0x0E00      	MOVLW       0
0x076A	0x6F85      	MOVWF       FARG_renderFrame_greenValues, 1
0x076C	0x0EFE      	MOVLW       254
0x076E	0x6F86      	MOVWF       FARG_renderFrame_greenValues+1, 1
0x0770	0x0E03      	MOVLW       3
0x0772	0x6F87      	MOVWF       FARG_renderFrame_greenValues+2, 1
0x0774	0x0E00      	MOVLW       0
0x0776	0x6F88      	MOVWF       FARG_renderFrame_greenValues+3, 1
0x0778	0x0E00      	MOVLW       0
0x077A	0x6F89      	MOVWF       FARG_renderFrame_blueValues, 1
0x077C	0x0EFE      	MOVLW       254
0x077E	0x6F8A      	MOVWF       FARG_renderFrame_blueValues+1, 1
0x0780	0x0EFF      	MOVLW       255
0x0782	0x6F8B      	MOVWF       FARG_renderFrame_blueValues+2, 1
0x0784	0x0E07      	MOVLW       7
0x0786	0x6F8C      	MOVWF       FARG_renderFrame_blueValues+3, 1
0x0788	0x0E14      	MOVLW       20
0x078A	0x6F8D      	MOVWF       FARG_renderFrame_holdTime, 1
0x078C	0xDD89      	RCALL       _renderFrame
0x078E	0xDCB1      	RCALL       _allOff
;3x3x3 PIC program v1.c,152 :: 		delay_ms(250);
0x0790	0x0E03      	MOVLW       3
0x0792	0x6E0B      	MOVWF       R11, 0
0x0794	0x0E8A      	MOVLW       138
0x0796	0x6E0C      	MOVWF       R12, 0
0x0798	0x0E55      	MOVLW       85
0x079A	0x6E0D      	MOVWF       R13, 0
L_usaFlash78:
0x079C	0x2E0D      	DECFSZ      R13, 1, 0
0x079E	0xD7FE      	BRA         L_usaFlash78
0x07A0	0x2E0C      	DECFSZ      R12, 1, 0
0x07A2	0xD7FC      	BRA         L_usaFlash78
0x07A4	0x2E0B      	DECFSZ      R11, 1, 0
0x07A6	0xD7FA      	BRA         L_usaFlash78
0x07A8	0x0000      	NOP
0x07AA	0x0000      	NOP
;3x3x3 PIC program v1.c,153 :: 		count--;
0x07AC	0x0E01      	MOVLW       1
0x07AE	0x5E76      	SUBWF       FARG_usaFlash_count, 1 
0x07B0	0x0E00      	MOVLW       0
0x07B2	0x5A77      	SUBWFB      FARG_usaFlash_count+1, 1 
;3x3x3 PIC program v1.c,154 :: 		}
0x07B4	0xD7C7      	BRA         L_usaFlash76
L_usaFlash77:
;3x3x3 PIC program v1.c,155 :: 		}
L_end_usaFlash:
0x07B6	0x0012      	RETURN      0
; end of _usaFlash
_helixGreen:
;3x3x3 PIC program v1.c,111 :: 		void helixGreen(int count) {
;3x3x3 PIC program v1.c,112 :: 		while(count>0) {  //helix green
L_helixGreen63:
0x07B8	0x0E80      	MOVLW       128
0x07BA	0x6E00      	MOVWF       R0 
0x07BC	0x0E80      	MOVLW       128
0x07BE	0x1877      	XORWF       FARG_helixGreen_count+1, 0 
0x07C0	0x5C00      	SUBWF       R0, 0 
0x07C2	0xE102      	BNZ         L__helixGreen122
0x07C4	0x5076      	MOVF        FARG_helixGreen_count, 0 
0x07C6	0x0800      	SUBLW       0
L__helixGreen122:
0x07C8	0xB0D8      	BTFSC       STATUS, 0 
0x07CA	0xD0AE      	BRA         L_helixGreen64
;3x3x3 PIC program v1.c,113 :: 		renderFrame(0, 0100200400, 0, 8); allOff();
0x07CC	0x0100      	MOVLB       0
0x07CE	0x6B81      	CLRF        FARG_renderFrame_redValues, 1
0x07D0	0x6B82      	CLRF        FARG_renderFrame_redValues+1, 1
0x07D2	0x6B83      	CLRF        FARG_renderFrame_redValues+2, 1
0x07D4	0x6B84      	CLRF        FARG_renderFrame_redValues+3, 1
0x07D6	0x0E00      	MOVLW       0
0x07D8	0x6F85      	MOVWF       FARG_renderFrame_greenValues, 1
0x07DA	0x0E01      	MOVLW       1
0x07DC	0x6F86      	MOVWF       FARG_renderFrame_greenValues+1, 1
0x07DE	0x0E01      	MOVLW       1
0x07E0	0x6F87      	MOVWF       FARG_renderFrame_greenValues+2, 1
0x07E2	0x0E01      	MOVLW       1
0x07E4	0x6F88      	MOVWF       FARG_renderFrame_greenValues+3, 1
0x07E6	0x6B89      	CLRF        FARG_renderFrame_blueValues, 1
0x07E8	0x6B8A      	CLRF        FARG_renderFrame_blueValues+1, 1
0x07EA	0x6B8B      	CLRF        FARG_renderFrame_blueValues+2, 1
0x07EC	0x6B8C      	CLRF        FARG_renderFrame_blueValues+3, 1
0x07EE	0x0E08      	MOVLW       8
0x07F0	0x6F8D      	MOVWF       FARG_renderFrame_holdTime, 1
0x07F2	0xDD56      	RCALL       _renderFrame
0x07F4	0xDC7E      	RCALL       _allOff
;3x3x3 PIC program v1.c,114 :: 		renderFrame(0, 0010100200, 0, 8); allOff();
0x07F6	0x0100      	MOVLB       0
0x07F8	0x6B81      	CLRF        FARG_renderFrame_redValues, 1
0x07FA	0x6B82      	CLRF        FARG_renderFrame_redValues+1, 1
0x07FC	0x6B83      	CLRF        FARG_renderFrame_redValues+2, 1
0x07FE	0x6B84      	CLRF        FARG_renderFrame_redValues+3, 1
0x0800	0x0E80      	MOVLW       128
0x0802	0x6F85      	MOVWF       FARG_renderFrame_greenValues, 1
0x0804	0x0E80      	MOVLW       128
0x0806	0x6F86      	MOVWF       FARG_renderFrame_greenValues+1, 1
0x0808	0x0E20      	MOVLW       32
0x080A	0x6F87      	MOVWF       FARG_renderFrame_greenValues+2, 1
0x080C	0x0E00      	MOVLW       0
0x080E	0x6F88      	MOVWF       FARG_renderFrame_greenValues+3, 1
0x0810	0x6B89      	CLRF        FARG_renderFrame_blueValues, 1
0x0812	0x6B8A      	CLRF        FARG_renderFrame_blueValues+1, 1
0x0814	0x6B8B      	CLRF        FARG_renderFrame_blueValues+2, 1
0x0816	0x6B8C      	CLRF        FARG_renderFrame_blueValues+3, 1
0x0818	0x0E08      	MOVLW       8
0x081A	0x6F8D      	MOVWF       FARG_renderFrame_holdTime, 1
0x081C	0xDD41      	RCALL       _renderFrame
0x081E	0xDC69      	RCALL       _allOff
;3x3x3 PIC program v1.c,115 :: 		renderFrame(0, 0001010100, 0, 8); allOff();
0x0820	0x0100      	MOVLB       0
0x0822	0x6B81      	CLRF        FARG_renderFrame_redValues, 1
0x0824	0x6B82      	CLRF        FARG_renderFrame_redValues+1, 1
0x0826	0x6B83      	CLRF        FARG_renderFrame_redValues+2, 1
0x0828	0x6B84      	CLRF        FARG_renderFrame_redValues+3, 1
0x082A	0x0E40      	MOVLW       64
0x082C	0x6F85      	MOVWF       FARG_renderFrame_greenValues, 1
0x082E	0x0E10      	MOVLW       16
0x0830	0x6F86      	MOVWF       FARG_renderFrame_greenValues+1, 1
0x0832	0x0E04      	MOVLW       4
0x0834	0x6F87      	MOVWF       FARG_renderFrame_greenValues+2, 1
0x0836	0x0E00      	MOVLW       0
0x0838	0x6F88      	MOVWF       FARG_renderFrame_greenValues+3, 1
0x083A	0x6B89      	CLRF        FARG_renderFrame_blueValues, 1
0x083C	0x6B8A      	CLRF        FARG_renderFrame_blueValues+1, 1
0x083E	0x6B8B      	CLRF        FARG_renderFrame_blueValues+2, 1
0x0840	0x6B8C      	CLRF        FARG_renderFrame_blueValues+3, 1
0x0842	0x0E08      	MOVLW       8
0x0844	0x6F8D      	MOVWF       FARG_renderFrame_holdTime, 1
0x0846	0xDD2C      	RCALL       _renderFrame
0x0848	0xDC54      	RCALL       _allOff
;3x3x3 PIC program v1.c,116 :: 		renderFrame(0, 0002001010, 0, 8); allOff();
0x084A	0x0100      	MOVLB       0
0x084C	0x6B81      	CLRF        FARG_renderFrame_redValues, 1
0x084E	0x6B82      	CLRF        FARG_renderFrame_redValues+1, 1
0x0850	0x6B83      	CLRF        FARG_renderFrame_redValues+2, 1
0x0852	0x6B84      	CLRF        FARG_renderFrame_redValues+3, 1
0x0854	0x0E08      	MOVLW       8
0x0856	0x6F85      	MOVWF       FARG_renderFrame_greenValues, 1
0x0858	0x0E02      	MOVLW       2
0x085A	0x6F86      	MOVWF       FARG_renderFrame_greenValues+1, 1
0x085C	0x0E08      	MOVLW       8
0x085E	0x6F87      	MOVWF       FARG_renderFrame_greenValues+2, 1
0x0860	0x0E00      	MOVLW       0
0x0862	0x6F88      	MOVWF       FARG_renderFrame_greenValues+3, 1
0x0864	0x6B89      	CLRF        FARG_renderFrame_blueValues, 1
0x0866	0x6B8A      	CLRF        FARG_renderFrame_blueValues+1, 1
0x0868	0x6B8B      	CLRF        FARG_renderFrame_blueValues+2, 1
0x086A	0x6B8C      	CLRF        FARG_renderFrame_blueValues+3, 1
0x086C	0x0E08      	MOVLW       8
0x086E	0x6F8D      	MOVWF       FARG_renderFrame_holdTime, 1
0x0870	0xDD17      	RCALL       _renderFrame
0x0872	0xDC3F      	RCALL       _allOff
;3x3x3 PIC program v1.c,117 :: 		renderFrame(0, 0004002001, 0, 8); allOff();
0x0874	0x0100      	MOVLB       0
0x0876	0x6B81      	CLRF        FARG_renderFrame_redValues, 1
0x0878	0x6B82      	CLRF        FARG_renderFrame_redValues+1, 1
0x087A	0x6B83      	CLRF        FARG_renderFrame_redValues+2, 1
0x087C	0x6B84      	CLRF        FARG_renderFrame_redValues+3, 1
0x087E	0x0E01      	MOVLW       1
0x0880	0x6F85      	MOVWF       FARG_renderFrame_greenValues, 1
0x0882	0x0E04      	MOVLW       4
0x0884	0x6F86      	MOVWF       FARG_renderFrame_greenValues+1, 1
0x0886	0x0E10      	MOVLW       16
0x0888	0x6F87      	MOVWF       FARG_renderFrame_greenValues+2, 1
0x088A	0x0E00      	MOVLW       0
0x088C	0x6F88      	MOVWF       FARG_renderFrame_greenValues+3, 1
0x088E	0x6B89      	CLRF        FARG_renderFrame_blueValues, 1
0x0890	0x6B8A      	CLRF        FARG_renderFrame_blueValues+1, 1
0x0892	0x6B8B      	CLRF        FARG_renderFrame_blueValues+2, 1
0x0894	0x6B8C      	CLRF        FARG_renderFrame_blueValues+3, 1
0x0896	0x0E08      	MOVLW       8
0x0898	0x6F8D      	MOVWF       FARG_renderFrame_holdTime, 1
0x089A	0xDD02      	RCALL       _renderFrame
0x089C	0xDC2A      	RCALL       _allOff
;3x3x3 PIC program v1.c,118 :: 		renderFrame(0, 0040004002, 0, 8); allOff();
0x089E	0x0100      	MOVLB       0
0x08A0	0x6B81      	CLRF        FARG_renderFrame_redValues, 1
0x08A2	0x6B82      	CLRF        FARG_renderFrame_redValues+1, 1
0x08A4	0x6B83      	CLRF        FARG_renderFrame_redValues+2, 1
0x08A6	0x6B84      	CLRF        FARG_renderFrame_redValues+3, 1
0x08A8	0x0E02      	MOVLW       2
0x08AA	0x6F85      	MOVWF       FARG_renderFrame_greenValues, 1
0x08AC	0x0E08      	MOVLW       8
0x08AE	0x6F86      	MOVWF       FARG_renderFrame_greenValues+1, 1
0x08B0	0x0E80      	MOVLW       128
0x08B2	0x6F87      	MOVWF       FARG_renderFrame_greenValues+2, 1
0x08B4	0x0E00      	MOVLW       0
0x08B6	0x6F88      	MOVWF       FARG_renderFrame_greenValues+3, 1
0x08B8	0x6B89      	CLRF        FARG_renderFrame_blueValues, 1
0x08BA	0x6B8A      	CLRF        FARG_renderFrame_blueValues+1, 1
0x08BC	0x6B8B      	CLRF        FARG_renderFrame_blueValues+2, 1
0x08BE	0x6B8C      	CLRF        FARG_renderFrame_blueValues+3, 1
0x08C0	0x0E08      	MOVLW       8
0x08C2	0x6F8D      	MOVWF       FARG_renderFrame_holdTime, 1
0x08C4	0xDCED      	RCALL       _renderFrame
0x08C6	0xDC15      	RCALL       _allOff
;3x3x3 PIC program v1.c,119 :: 		renderFrame(0, 0400040004, 0, 8); allOff();
0x08C8	0x0100      	MOVLB       0
0x08CA	0x6B81      	CLRF        FARG_renderFrame_redValues, 1
0x08CC	0x6B82      	CLRF        FARG_renderFrame_redValues+1, 1
0x08CE	0x6B83      	CLRF        FARG_renderFrame_redValues+2, 1
0x08D0	0x6B84      	CLRF        FARG_renderFrame_redValues+3, 1
0x08D2	0x0E04      	MOVLW       4
0x08D4	0x6F85      	MOVWF       FARG_renderFrame_greenValues, 1
0x08D6	0x0E40      	MOVLW       64
0x08D8	0x6F86      	MOVWF       FARG_renderFrame_greenValues+1, 1
0x08DA	0x0E00      	MOVLW       0
0x08DC	0x6F87      	MOVWF       FARG_renderFrame_greenValues+2, 1
0x08DE	0x0E04      	MOVLW       4
0x08E0	0x6F88      	MOVWF       FARG_renderFrame_greenValues+3, 1
0x08E2	0x6B89      	CLRF        FARG_renderFrame_blueValues, 1
0x08E4	0x6B8A      	CLRF        FARG_renderFrame_blueValues+1, 1
0x08E6	0x6B8B      	CLRF        FARG_renderFrame_blueValues+2, 1
0x08E8	0x6B8C      	CLRF        FARG_renderFrame_blueValues+3, 1
0x08EA	0x0E08      	MOVLW       8
0x08EC	0x6F8D      	MOVWF       FARG_renderFrame_holdTime, 1
0x08EE	0xDCD8      	RCALL       _renderFrame
0x08F0	0xDC00      	RCALL       _allOff
;3x3x3 PIC program v1.c,120 :: 		renderFrame(0, 0200400040, 0, 8); allOff();
0x08F2	0x0100      	MOVLB       0
0x08F4	0x6B81      	CLRF        FARG_renderFrame_redValues, 1
0x08F6	0x6B82      	CLRF        FARG_renderFrame_redValues+1, 1
0x08F8	0x6B83      	CLRF        FARG_renderFrame_redValues+2, 1
0x08FA	0x6B84      	CLRF        FARG_renderFrame_redValues+3, 1
0x08FC	0x0E20      	MOVLW       32
0x08FE	0x6F85      	MOVWF       FARG_renderFrame_greenValues, 1
0x0900	0x0E00      	MOVLW       0
0x0902	0x6F86      	MOVWF       FARG_renderFrame_greenValues+1, 1
0x0904	0x0E02      	MOVLW       2
0x0906	0x6F87      	MOVWF       FARG_renderFrame_greenValues+2, 1
0x0908	0x0E02      	MOVLW       2
0x090A	0x6F88      	MOVWF       FARG_renderFrame_greenValues+3, 1
0x090C	0x6B89      	CLRF        FARG_renderFrame_blueValues, 1
0x090E	0x6B8A      	CLRF        FARG_renderFrame_blueValues+1, 1
0x0910	0x6B8B      	CLRF        FARG_renderFrame_blueValues+2, 1
0x0912	0x6B8C      	CLRF        FARG_renderFrame_blueValues+3, 1
0x0914	0x0E08      	MOVLW       8
0x0916	0x6F8D      	MOVWF       FARG_renderFrame_holdTime, 1
0x0918	0xDCC3      	RCALL       _renderFrame
0x091A	0xF000EC79  	CALL        _allOff, 0
;3x3x3 PIC program v1.c,121 :: 		count--;
0x091E	0x0E01      	MOVLW       1
0x0920	0x5E76      	SUBWF       FARG_helixGreen_count, 1 
0x0922	0x0E00      	MOVLW       0
0x0924	0x5A77      	SUBWFB      FARG_helixGreen_count+1, 1 
;3x3x3 PIC program v1.c,122 :: 		}
0x0926	0xD748      	BRA         L_helixGreen63
L_helixGreen64:
;3x3x3 PIC program v1.c,123 :: 		}
L_end_helixGreen:
0x0928	0x0012      	RETURN      0
; end of _helixGreen
_rgbUpDown:
;3x3x3 PIC program v1.c,125 :: 		void rgbUpDown(int count) {
;3x3x3 PIC program v1.c,126 :: 		while(count>0) {  //up down rgb
L_rgbUpDown65:
0x092A	0x0E80      	MOVLW       128
0x092C	0x6E00      	MOVWF       R0 
0x092E	0x0E80      	MOVLW       128
0x0930	0x1877      	XORWF       FARG_rgbUpDown_count+1, 0 
0x0932	0x5C00      	SUBWF       R0, 0 
0x0934	0xE102      	BNZ         L__rgbUpDown124
0x0936	0x5076      	MOVF        FARG_rgbUpDown_count, 0 
0x0938	0x0800      	SUBLW       0
L__rgbUpDown124:
0x093A	0xB0D8      	BTFSC       STATUS, 0 
0x093C	0xD121      	BRA         L_rgbUpDown66
;3x3x3 PIC program v1.c,127 :: 		for(l = 0; l < 2; l++) {
0x093E	0x6A19      	CLRF        _l 
L_rgbUpDown67:
0x0940	0x0E02      	MOVLW       2
0x0942	0x5C19      	SUBWF       _l, 0 
0x0944	0xE259      	BC          L_rgbUpDown68
;3x3x3 PIC program v1.c,128 :: 		renderFrame(0000000777, 0, 0, 8); allOff();  //uses 36 Byte of ROM
0x0946	0x0EFF      	MOVLW       255
0x0948	0x0100      	MOVLB       0
0x094A	0x6F81      	MOVWF       FARG_renderFrame_redValues, 1
0x094C	0x0E01      	MOVLW       1
0x094E	0x6F82      	MOVWF       FARG_renderFrame_redValues+1, 1
0x0950	0x0E00      	MOVLW       0
0x0952	0x6F83      	MOVWF       FARG_renderFrame_redValues+2, 1
0x0954	0x6F84      	MOVWF       FARG_renderFrame_redValues+3, 1
0x0956	0x6B85      	CLRF        FARG_renderFrame_greenValues, 1
0x0958	0x6B86      	CLRF        FARG_renderFrame_greenValues+1, 1
0x095A	0x6B87      	CLRF        FARG_renderFrame_greenValues+2, 1
0x095C	0x6B88      	CLRF        FARG_renderFrame_greenValues+3, 1
0x095E	0x6B89      	CLRF        FARG_renderFrame_blueValues, 1
0x0960	0x6B8A      	CLRF        FARG_renderFrame_blueValues+1, 1
0x0962	0x6B8B      	CLRF        FARG_renderFrame_blueValues+2, 1
0x0964	0x6B8C      	CLRF        FARG_renderFrame_blueValues+3, 1
0x0966	0x0E08      	MOVLW       8
0x0968	0x6F8D      	MOVWF       FARG_renderFrame_holdTime, 1
0x096A	0xDC9A      	RCALL       _renderFrame
0x096C	0xF000EC79  	CALL        _allOff, 0
;3x3x3 PIC program v1.c,129 :: 		renderFrame(0000777000, 0, 0, 8); allOff();
0x0970	0x0E00      	MOVLW       0
0x0972	0x0100      	MOVLB       0
0x0974	0x6F81      	MOVWF       FARG_renderFrame_redValues, 1
0x0976	0x0EFE      	MOVLW       254
0x0978	0x6F82      	MOVWF       FARG_renderFrame_redValues+1, 1
0x097A	0x0E03      	MOVLW       3
0x097C	0x6F83      	MOVWF       FARG_renderFrame_redValues+2, 1
0x097E	0x0E00      	MOVLW       0
0x0980	0x6F84      	MOVWF       FARG_renderFrame_redValues+3, 1
0x0982	0x6B85      	CLRF        FARG_renderFrame_greenValues, 1
0x0984	0x6B86      	CLRF        FARG_renderFrame_greenValues+1, 1
0x0986	0x6B87      	CLRF        FARG_renderFrame_greenValues+2, 1
0x0988	0x6B88      	CLRF        FARG_renderFrame_greenValues+3, 1
0x098A	0x6B89      	CLRF        FARG_renderFrame_blueValues, 1
0x098C	0x6B8A      	CLRF        FARG_renderFrame_blueValues+1, 1
0x098E	0x6B8B      	CLRF        FARG_renderFrame_blueValues+2, 1
0x0990	0x6B8C      	CLRF        FARG_renderFrame_blueValues+3, 1
0x0992	0x0E08      	MOVLW       8
0x0994	0x6F8D      	MOVWF       FARG_renderFrame_holdTime, 1
0x0996	0xDC84      	RCALL       _renderFrame
0x0998	0xF000EC79  	CALL        _allOff, 0
;3x3x3 PIC program v1.c,130 :: 		renderFrame(0777000000, 0, 0, 8); allOff();
0x099C	0x0E00      	MOVLW       0
0x099E	0x0100      	MOVLB       0
0x09A0	0x6F81      	MOVWF       FARG_renderFrame_redValues, 1
0x09A2	0x0E00      	MOVLW       0
0x09A4	0x6F82      	MOVWF       FARG_renderFrame_redValues+1, 1
0x09A6	0x0EFC      	MOVLW       252
0x09A8	0x6F83      	MOVWF       FARG_renderFrame_redValues+2, 1
0x09AA	0x0E07      	MOVLW       7
0x09AC	0x6F84      	MOVWF       FARG_renderFrame_redValues+3, 1
0x09AE	0x6B85      	CLRF        FARG_renderFrame_greenValues, 1
0x09B0	0x6B86      	CLRF        FARG_renderFrame_greenValues+1, 1
0x09B2	0x6B87      	CLRF        FARG_renderFrame_greenValues+2, 1
0x09B4	0x6B88      	CLRF        FARG_renderFrame_greenValues+3, 1
0x09B6	0x6B89      	CLRF        FARG_renderFrame_blueValues, 1
0x09B8	0x6B8A      	CLRF        FARG_renderFrame_blueValues+1, 1
0x09BA	0x6B8B      	CLRF        FARG_renderFrame_blueValues+2, 1
0x09BC	0x6B8C      	CLRF        FARG_renderFrame_blueValues+3, 1
0x09BE	0x0E08      	MOVLW       8
0x09C0	0x6F8D      	MOVWF       FARG_renderFrame_holdTime, 1
0x09C2	0xDC6E      	RCALL       _renderFrame
0x09C4	0xF000EC79  	CALL        _allOff, 0
;3x3x3 PIC program v1.c,131 :: 		renderFrame(0000777000, 0, 0, 8); allOff();
0x09C8	0x0E00      	MOVLW       0
0x09CA	0x0100      	MOVLB       0
0x09CC	0x6F81      	MOVWF       FARG_renderFrame_redValues, 1
0x09CE	0x0EFE      	MOVLW       254
0x09D0	0x6F82      	MOVWF       FARG_renderFrame_redValues+1, 1
0x09D2	0x0E03      	MOVLW       3
0x09D4	0x6F83      	MOVWF       FARG_renderFrame_redValues+2, 1
0x09D6	0x0E00      	MOVLW       0
0x09D8	0x6F84      	MOVWF       FARG_renderFrame_redValues+3, 1
0x09DA	0x6B85      	CLRF        FARG_renderFrame_greenValues, 1
0x09DC	0x6B86      	CLRF        FARG_renderFrame_greenValues+1, 1
0x09DE	0x6B87      	CLRF        FARG_renderFrame_greenValues+2, 1
0x09E0	0x6B88      	CLRF        FARG_renderFrame_greenValues+3, 1
0x09E2	0x6B89      	CLRF        FARG_renderFrame_blueValues, 1
0x09E4	0x6B8A      	CLRF        FARG_renderFrame_blueValues+1, 1
0x09E6	0x6B8B      	CLRF        FARG_renderFrame_blueValues+2, 1
0x09E8	0x6B8C      	CLRF        FARG_renderFrame_blueValues+3, 1
0x09EA	0x0E08      	MOVLW       8
0x09EC	0x6F8D      	MOVWF       FARG_renderFrame_holdTime, 1
0x09EE	0xDC58      	RCALL       _renderFrame
0x09F0	0xF000EC79  	CALL        _allOff, 0
;3x3x3 PIC program v1.c,127 :: 		for(l = 0; l < 2; l++) {
0x09F4	0x2A19      	INCF        _l, 1 
;3x3x3 PIC program v1.c,132 :: 		}
0x09F6	0xD7A4      	BRA         L_rgbUpDown67
L_rgbUpDown68:
;3x3x3 PIC program v1.c,133 :: 		for(l = 0; l < 2; l++) {
0x09F8	0x6A19      	CLRF        _l 
L_rgbUpDown70:
0x09FA	0x0E02      	MOVLW       2
0x09FC	0x5C19      	SUBWF       _l, 0 
0x09FE	0xE25A      	BC          L_rgbUpDown71
;3x3x3 PIC program v1.c,134 :: 		renderFrame(0, 0000000777, 0, 8); allOff();
0x0A00	0x0100      	MOVLB       0
0x0A02	0x6B81      	CLRF        FARG_renderFrame_redValues, 1
0x0A04	0x6B82      	CLRF        FARG_renderFrame_redValues+1, 1
0x0A06	0x6B83      	CLRF        FARG_renderFrame_redValues+2, 1
0x0A08	0x6B84      	CLRF        FARG_renderFrame_redValues+3, 1
0x0A0A	0x0EFF      	MOVLW       255
0x0A0C	0x6F85      	MOVWF       FARG_renderFrame_greenValues, 1
0x0A0E	0x0E01      	MOVLW       1
0x0A10	0x6F86      	MOVWF       FARG_renderFrame_greenValues+1, 1
0x0A12	0x0E00      	MOVLW       0
0x0A14	0x6F87      	MOVWF       FARG_renderFrame_greenValues+2, 1
0x0A16	0x6F88      	MOVWF       FARG_renderFrame_greenValues+3, 1
0x0A18	0x6B89      	CLRF        FARG_renderFrame_blueValues, 1
0x0A1A	0x6B8A      	CLRF        FARG_renderFrame_blueValues+1, 1
0x0A1C	0x6B8B      	CLRF        FARG_renderFrame_blueValues+2, 1
0x0A1E	0x6B8C      	CLRF        FARG_renderFrame_blueValues+3, 1
0x0A20	0x0E08      	MOVLW       8
0x0A22	0x6F8D      	MOVWF       FARG_renderFrame_holdTime, 1
0x0A24	0xDC3D      	RCALL       _renderFrame
0x0A26	0xF000EC79  	CALL        _allOff, 0
;3x3x3 PIC program v1.c,135 :: 		renderFrame(0, 0000777000, 0, 8); allOff();
0x0A2A	0x0100      	MOVLB       0
0x0A2C	0x6B81      	CLRF        FARG_renderFrame_redValues, 1
0x0A2E	0x6B82      	CLRF        FARG_renderFrame_redValues+1, 1
0x0A30	0x6B83      	CLRF        FARG_renderFrame_redValues+2, 1
0x0A32	0x6B84      	CLRF        FARG_renderFrame_redValues+3, 1
0x0A34	0x0E00      	MOVLW       0
0x0A36	0x6F85      	MOVWF       FARG_renderFrame_greenValues, 1
0x0A38	0x0EFE      	MOVLW       254
0x0A3A	0x6F86      	MOVWF       FARG_renderFrame_greenValues+1, 1
0x0A3C	0x0E03      	MOVLW       3
0x0A3E	0x6F87      	MOVWF       FARG_renderFrame_greenValues+2, 1
0x0A40	0x0E00      	MOVLW       0
0x0A42	0x6F88      	MOVWF       FARG_renderFrame_greenValues+3, 1
0x0A44	0x6B89      	CLRF        FARG_renderFrame_blueValues, 1
0x0A46	0x6B8A      	CLRF        FARG_renderFrame_blueValues+1, 1
0x0A48	0x6B8B      	CLRF        FARG_renderFrame_blueValues+2, 1
0x0A4A	0x6B8C      	CLRF        FARG_renderFrame_blueValues+3, 1
0x0A4C	0x0E08      	MOVLW       8
0x0A4E	0x6F8D      	MOVWF       FARG_renderFrame_holdTime, 1
0x0A50	0xDC27      	RCALL       _renderFrame
0x0A52	0xF000EC79  	CALL        _allOff, 0
;3x3x3 PIC program v1.c,136 :: 		renderFrame(0, 0777000000, 0, 8); allOff();
0x0A56	0x0100      	MOVLB       0
0x0A58	0x6B81      	CLRF        FARG_renderFrame_redValues, 1
0x0A5A	0x6B82      	CLRF        FARG_renderFrame_redValues+1, 1
0x0A5C	0x6B83      	CLRF        FARG_renderFrame_redValues+2, 1
0x0A5E	0x6B84      	CLRF        FARG_renderFrame_redValues+3, 1
0x0A60	0x0E00      	MOVLW       0
0x0A62	0x6F85      	MOVWF       FARG_renderFrame_greenValues, 1
0x0A64	0x0E00      	MOVLW       0
0x0A66	0x6F86      	MOVWF       FARG_renderFrame_greenValues+1, 1
0x0A68	0x0EFC      	MOVLW       252
0x0A6A	0x6F87      	MOVWF       FARG_renderFrame_greenValues+2, 1
0x0A6C	0x0E07      	MOVLW       7
0x0A6E	0x6F88      	MOVWF       FARG_renderFrame_greenValues+3, 1
0x0A70	0x6B89      	CLRF        FARG_renderFrame_blueValues, 1
0x0A72	0x6B8A      	CLRF        FARG_renderFrame_blueValues+1, 1
0x0A74	0x6B8B      	CLRF        FARG_renderFrame_blueValues+2, 1
0x0A76	0x6B8C      	CLRF        FARG_renderFrame_blueValues+3, 1
0x0A78	0x0E08      	MOVLW       8
0x0A7A	0x6F8D      	MOVWF       FARG_renderFrame_holdTime, 1
0x0A7C	0xDC11      	RCALL       _renderFrame
0x0A7E	0xF000EC79  	CALL        _allOff, 0
;3x3x3 PIC program v1.c,137 :: 		renderFrame(0, 0000777000, 0, 8); allOff();
0x0A82	0x0100      	MOVLB       0
0x0A84	0x6B81      	CLRF        FARG_renderFrame_redValues, 1
0x0A86	0x6B82      	CLRF        FARG_renderFrame_redValues+1, 1
0x0A88	0x6B83      	CLRF        FARG_renderFrame_redValues+2, 1
0x0A8A	0x6B84      	CLRF        FARG_renderFrame_redValues+3, 1
0x0A8C	0x0E00      	MOVLW       0
0x0A8E	0x6F85      	MOVWF       FARG_renderFrame_greenValues, 1
0x0A90	0x0EFE      	MOVLW       254
0x0A92	0x6F86      	MOVWF       FARG_renderFrame_greenValues+1, 1
0x0A94	0x0E03      	MOVLW       3
0x0A96	0x6F87      	MOVWF       FARG_renderFrame_greenValues+2, 1
0x0A98	0x0E00      	MOVLW       0
0x0A9A	0x6F88      	MOVWF       FARG_renderFrame_greenValues+3, 1
0x0A9C	0x6B89      	CLRF        FARG_renderFrame_blueValues, 1
0x0A9E	0x6B8A      	CLRF        FARG_renderFrame_blueValues+1, 1
0x0AA0	0x6B8B      	CLRF        FARG_renderFrame_blueValues+2, 1
0x0AA2	0x6B8C      	CLRF        FARG_renderFrame_blueValues+3, 1
0x0AA4	0x0E08      	MOVLW       8
0x0AA6	0x6F8D      	MOVWF       FARG_renderFrame_holdTime, 1
0x0AA8	0xF001EC50  	CALL        _renderFrame, 0
0x0AAC	0xF000EC79  	CALL        _allOff, 0
;3x3x3 PIC program v1.c,133 :: 		for(l = 0; l < 2; l++) {
0x0AB0	0x2A19      	INCF        _l, 1 
;3x3x3 PIC program v1.c,138 :: 		}
0x0AB2	0xD7A3      	BRA         L_rgbUpDown70
L_rgbUpDown71:
;3x3x3 PIC program v1.c,139 :: 		for(l = 0; l < 2; l++) {
0x0AB4	0x6A19      	CLRF        _l 
L_rgbUpDown73:
0x0AB6	0x0E02      	MOVLW       2
0x0AB8	0x5C19      	SUBWF       _l, 0 
0x0ABA	0xE25D      	BC          L_rgbUpDown74
;3x3x3 PIC program v1.c,140 :: 		renderFrame(0, 0, 0000000777, 8); allOff();
0x0ABC	0x0100      	MOVLB       0
0x0ABE	0x6B81      	CLRF        FARG_renderFrame_redValues, 1
0x0AC0	0x6B82      	CLRF        FARG_renderFrame_redValues+1, 1
0x0AC2	0x6B83      	CLRF        FARG_renderFrame_redValues+2, 1
0x0AC4	0x6B84      	CLRF        FARG_renderFrame_redValues+3, 1
0x0AC6	0x6B85      	CLRF        FARG_renderFrame_greenValues, 1
0x0AC8	0x6B86      	CLRF        FARG_renderFrame_greenValues+1, 1
0x0ACA	0x6B87      	CLRF        FARG_renderFrame_greenValues+2, 1
0x0ACC	0x6B88      	CLRF        FARG_renderFrame_greenValues+3, 1
0x0ACE	0x0EFF      	MOVLW       255
0x0AD0	0x6F89      	MOVWF       FARG_renderFrame_blueValues, 1
0x0AD2	0x0E01      	MOVLW       1
0x0AD4	0x6F8A      	MOVWF       FARG_renderFrame_blueValues+1, 1
0x0AD6	0x0E00      	MOVLW       0
0x0AD8	0x6F8B      	MOVWF       FARG_renderFrame_blueValues+2, 1
0x0ADA	0x6F8C      	MOVWF       FARG_renderFrame_blueValues+3, 1
0x0ADC	0x0E08      	MOVLW       8
0x0ADE	0x6F8D      	MOVWF       FARG_renderFrame_holdTime, 1
0x0AE0	0xF001EC50  	CALL        _renderFrame, 0
0x0AE4	0xF000EC79  	CALL        _allOff, 0
;3x3x3 PIC program v1.c,141 :: 		renderFrame(0, 0, 0000777000, 8); allOff();
0x0AE8	0x0100      	MOVLB       0
0x0AEA	0x6B81      	CLRF        FARG_renderFrame_redValues, 1
0x0AEC	0x6B82      	CLRF        FARG_renderFrame_redValues+1, 1
0x0AEE	0x6B83      	CLRF        FARG_renderFrame_redValues+2, 1
0x0AF0	0x6B84      	CLRF        FARG_renderFrame_redValues+3, 1
0x0AF2	0x6B85      	CLRF        FARG_renderFrame_greenValues, 1
0x0AF4	0x6B86      	CLRF        FARG_renderFrame_greenValues+1, 1
0x0AF6	0x6B87      	CLRF        FARG_renderFrame_greenValues+2, 1
0x0AF8	0x6B88      	CLRF        FARG_renderFrame_greenValues+3, 1
0x0AFA	0x0E00      	MOVLW       0
0x0AFC	0x6F89      	MOVWF       FARG_renderFrame_blueValues, 1
0x0AFE	0x0EFE      	MOVLW       254
0x0B00	0x6F8A      	MOVWF       FARG_renderFrame_blueValues+1, 1
0x0B02	0x0E03      	MOVLW       3
0x0B04	0x6F8B      	MOVWF       FARG_renderFrame_blueValues+2, 1
0x0B06	0x0E00      	MOVLW       0
0x0B08	0x6F8C      	MOVWF       FARG_renderFrame_blueValues+3, 1
0x0B0A	0x0E08      	MOVLW       8
0x0B0C	0x6F8D      	MOVWF       FARG_renderFrame_holdTime, 1
0x0B0E	0xF001EC50  	CALL        _renderFrame, 0
0x0B12	0xF000EC79  	CALL        _allOff, 0
;3x3x3 PIC program v1.c,142 :: 		renderFrame(0, 0, 0777000000, 8); allOff();
0x0B16	0x0100      	MOVLB       0
0x0B18	0x6B81      	CLRF        FARG_renderFrame_redValues, 1
0x0B1A	0x6B82      	CLRF        FARG_renderFrame_redValues+1, 1
0x0B1C	0x6B83      	CLRF        FARG_renderFrame_redValues+2, 1
0x0B1E	0x6B84      	CLRF        FARG_renderFrame_redValues+3, 1
0x0B20	0x6B85      	CLRF        FARG_renderFrame_greenValues, 1
0x0B22	0x6B86      	CLRF        FARG_renderFrame_greenValues+1, 1
0x0B24	0x6B87      	CLRF        FARG_renderFrame_greenValues+2, 1
0x0B26	0x6B88      	CLRF        FARG_renderFrame_greenValues+3, 1
0x0B28	0x0E00      	MOVLW       0
0x0B2A	0x6F89      	MOVWF       FARG_renderFrame_blueValues, 1
0x0B2C	0x0E00      	MOVLW       0
0x0B2E	0x6F8A      	MOVWF       FARG_renderFrame_blueValues+1, 1
0x0B30	0x0EFC      	MOVLW       252
0x0B32	0x6F8B      	MOVWF       FARG_renderFrame_blueValues+2, 1
0x0B34	0x0E07      	MOVLW       7
0x0B36	0x6F8C      	MOVWF       FARG_renderFrame_blueValues+3, 1
0x0B38	0x0E08      	MOVLW       8
0x0B3A	0x6F8D      	MOVWF       FARG_renderFrame_holdTime, 1
0x0B3C	0xF001EC50  	CALL        _renderFrame, 0
0x0B40	0xF000EC79  	CALL        _allOff, 0
;3x3x3 PIC program v1.c,143 :: 		renderFrame(0, 0, 0000777000, 8); allOff();
0x0B44	0x0100      	MOVLB       0
0x0B46	0x6B81      	CLRF        FARG_renderFrame_redValues, 1
0x0B48	0x6B82      	CLRF        FARG_renderFrame_redValues+1, 1
0x0B4A	0x6B83      	CLRF        FARG_renderFrame_redValues+2, 1
0x0B4C	0x6B84      	CLRF        FARG_renderFrame_redValues+3, 1
0x0B4E	0x6B85      	CLRF        FARG_renderFrame_greenValues, 1
0x0B50	0x6B86      	CLRF        FARG_renderFrame_greenValues+1, 1
0x0B52	0x6B87      	CLRF        FARG_renderFrame_greenValues+2, 1
0x0B54	0x6B88      	CLRF        FARG_renderFrame_greenValues+3, 1
0x0B56	0x0E00      	MOVLW       0
0x0B58	0x6F89      	MOVWF       FARG_renderFrame_blueValues, 1
0x0B5A	0x0EFE      	MOVLW       254
0x0B5C	0x6F8A      	MOVWF       FARG_renderFrame_blueValues+1, 1
0x0B5E	0x0E03      	MOVLW       3
0x0B60	0x6F8B      	MOVWF       FARG_renderFrame_blueValues+2, 1
0x0B62	0x0E00      	MOVLW       0
0x0B64	0x6F8C      	MOVWF       FARG_renderFrame_blueValues+3, 1
0x0B66	0x0E08      	MOVLW       8
0x0B68	0x6F8D      	MOVWF       FARG_renderFrame_holdTime, 1
0x0B6A	0xF001EC50  	CALL        _renderFrame, 0
0x0B6E	0xF000EC79  	CALL        _allOff, 0
;3x3x3 PIC program v1.c,139 :: 		for(l = 0; l < 2; l++) {
0x0B72	0x2A19      	INCF        _l, 1 
;3x3x3 PIC program v1.c,144 :: 		}
0x0B74	0xD7A0      	BRA         L_rgbUpDown73
L_rgbUpDown74:
;3x3x3 PIC program v1.c,145 :: 		count--;
0x0B76	0x0E01      	MOVLW       1
0x0B78	0x5E76      	SUBWF       FARG_rgbUpDown_count, 1 
0x0B7A	0x0E00      	MOVLW       0
0x0B7C	0x5A77      	SUBWFB      FARG_rgbUpDown_count+1, 1 
;3x3x3 PIC program v1.c,146 :: 		}
0x0B7E	0xD6D5      	BRA         L_rgbUpDown65
L_rgbUpDown66:
;3x3x3 PIC program v1.c,147 :: 		}
L_end_rgbUpDown:
0x0B80	0x0012      	RETURN      0
; end of _rgbUpDown
_main:
;3x3x3 PIC program v1.c,206 :: 		void main() {
;3x3x3 PIC program v1.c,207 :: 		osccon=0x72;
0x0B82	0x0E72      	MOVLW       114
0x0B84	0x6ED3      	MOVWF       OSCCON 
;3x3x3 PIC program v1.c,208 :: 		trisa=0x00;
0x0B86	0x6A92      	CLRF        TRISA 
;3x3x3 PIC program v1.c,209 :: 		trisb=0x00;
0x0B88	0x6A93      	CLRF        TRISB 
;3x3x3 PIC program v1.c,210 :: 		trisc=0x00;
0x0B8A	0x6A94      	CLRF        TRISC 
;3x3x3 PIC program v1.c,212 :: 		allOff();
0x0B8C	0xF000EC79  	CALL        _allOff, 0
;3x3x3 PIC program v1.c,216 :: 		}
L_main84:
;3x3x3 PIC program v1.c,218 :: 		while(1) {
L_main85:
;3x3x3 PIC program v1.c,219 :: 		switch(rand()%(4)) {
0x0B90	0xDC7D      	RCALL       _rand
0x0B92	0x0E04      	MOVLW       4
0x0B94	0x6E04      	MOVWF       R4 
0x0B96	0x0E00      	MOVLW       0
0x0B98	0x6E05      	MOVWF       R5 
0x0B9A	0xDC15      	RCALL       _Div_16x16_S
0x0B9C	0xF000C008  	MOVFF       R8, R0
0x0BA0	0xF001C009  	MOVFF       R9, R1
0x0BA4	0xF074C000  	MOVFF       R0, FLOC__main
0x0BA8	0xF075C001  	MOVFF       R1, FLOC__main+1
0x0BAC	0xD018      	BRA         L_main87
;3x3x3 PIC program v1.c,220 :: 		case 0: randomPixle(100); break;
L_main89:
0x0BAE	0x0E64      	MOVLW       100
0x0BB0	0x6E76      	MOVWF       FARG_randomPixle_count 
0x0BB2	0x0E00      	MOVLW       0
0x0BB4	0x6E77      	MOVWF       FARG_randomPixle_count+1 
0x0BB6	0xDCAF      	RCALL       _randomPixle
0x0BB8	0xD02A      	BRA         L_main88
;3x3x3 PIC program v1.c,221 :: 		case 1: helixGreen(4); break;
L_main90:
0x0BBA	0x0E04      	MOVLW       4
0x0BBC	0x6E76      	MOVWF       FARG_helixGreen_count 
0x0BBE	0x0E00      	MOVLW       0
0x0BC0	0x6E77      	MOVWF       FARG_helixGreen_count+1 
0x0BC2	0xDDFA      	RCALL       _helixGreen
0x0BC4	0xD024      	BRA         L_main88
;3x3x3 PIC program v1.c,222 :: 		case 2: rgbUpDown(2); break;
L_main91:
0x0BC6	0x0E02      	MOVLW       2
0x0BC8	0x6E76      	MOVWF       FARG_rgbUpDown_count 
0x0BCA	0x0E00      	MOVLW       0
0x0BCC	0x6E77      	MOVWF       FARG_rgbUpDown_count+1 
0x0BCE	0xDEAD      	RCALL       _rgbUpDown
0x0BD0	0xD01E      	BRA         L_main88
;3x3x3 PIC program v1.c,223 :: 		case 3: usaFlash(10); break;
L_main92:
0x0BD2	0x0E0A      	MOVLW       10
0x0BD4	0x6E76      	MOVWF       FARG_usaFlash_count 
0x0BD6	0x0E00      	MOVLW       0
0x0BD8	0x6E77      	MOVWF       FARG_usaFlash_count+1 
0x0BDA	0xDDB4      	RCALL       _usaFlash
0x0BDC	0xD018      	BRA         L_main88
;3x3x3 PIC program v1.c,225 :: 		}
L_main87:
0x0BDE	0x0E00      	MOVLW       0
0x0BE0	0x1875      	XORWF       FLOC__main+1, 0 
0x0BE2	0xE102      	BNZ         L__main129
0x0BE4	0x0E00      	MOVLW       0
0x0BE6	0x1874      	XORWF       FLOC__main, 0 
L__main129:
0x0BE8	0xE0E2      	BZ          L_main89
0x0BEA	0x0E00      	MOVLW       0
0x0BEC	0x1875      	XORWF       FLOC__main+1, 0 
0x0BEE	0xE102      	BNZ         L__main130
0x0BF0	0x0E01      	MOVLW       1
0x0BF2	0x1874      	XORWF       FLOC__main, 0 
L__main130:
0x0BF4	0xE0E2      	BZ          L_main90
0x0BF6	0x0E00      	MOVLW       0
0x0BF8	0x1875      	XORWF       FLOC__main+1, 0 
0x0BFA	0xE102      	BNZ         L__main131
0x0BFC	0x0E02      	MOVLW       2
0x0BFE	0x1874      	XORWF       FLOC__main, 0 
L__main131:
0x0C00	0xE0E2      	BZ          L_main91
0x0C02	0x0E00      	MOVLW       0
0x0C04	0x1875      	XORWF       FLOC__main+1, 0 
0x0C06	0xE102      	BNZ         L__main132
0x0C08	0x0E03      	MOVLW       3
0x0C0A	0x1874      	XORWF       FLOC__main, 0 
L__main132:
0x0C0C	0xE0E2      	BZ          L_main92
L_main88:
;3x3x3 PIC program v1.c,226 :: 		}
0x0C0E	0xD7C0      	BRA         L_main85
;3x3x3 PIC program v1.c,227 :: 		}
L_end_main:
0x0C10	0xD7FF      	BRA         $+0
; end of _main
Symbol List:
//** Routines locations **
//ADDRESS    SIZE    PROCEDURE
//----------------------------------------------
0x001C     [102]    _columbSet
0x0082     [112]    _colorSet
0x00F2      [12]    _allOff
0x00FE      [20]    _srand
0x0112     [228]    _displayFrame
0x01F6      [88]    _Div_16x16_S_L
0x024E      [82]    _Mul_32x32_U
0x02A0     [294]    _renderFrame
0x03C6     [198]    _Div_16x16_S
0x048C     [122]    _rand
0x0506      [16]    ___CC2DW
0x0516     [558]    _randomPixle
0x0744     [116]    _usaFlash
0x07B8     [370]    _helixGreen
0x092A     [600]    _rgbUpDown
0x0B82     [144]    _main
//** Variables locations ** 
//ADDRESS    SIZE    VARIABLE
//----------------------------------------------
0x0000       [1]    R0
0x0000       [1]    __Lib_SoftI2C_PutZerosToLATScl_temp_scl_L0
0x0000       [1]    __Lib_SoftI2C_PutZerosToLATSda_temp_sda_L0
0x0000       [1]    FLASH_Erase_64_SaveINTCON_L0
0x0000       [1]    EEPROM_Write_SaveINTCON_L0
0x0000       [1]    SPI1_Write_tmp_L0
0x0000       [1]    UART1_Init_tmp_L0
0x0001       [1]    __Lib_TFT_16bit_JPEG_FileReadBytes_Result_L0
0x0001       [1]    __Lib_PS2_Wait_Falling_nsample_L0
0x0001       [1]    ispunct_rslt_L0
0x0001       [1]    FLASH_Write_32_i_L0
0x0001       [1]    __Lib_TFT_JPEG_FileReadBytes_Result_L0
0x0001       [2]    FLASH_Read_N_Bytes_i_L0
0x0001       [1]    I2C1_Rd_tmp_L0
0x0001       [1]    FLASH_Erase_Write_64_i_L0
0x0001       [1]    __Lib_TFT_16bit_JPEG_FileRead_i_L0
0x0001       [1]    UART1_Read___tmp_UART1_Read_L0
0x0001       [1]    __Lib_TFT_JPEG_FileRead_i_L0
0x0001       [1]    R1
0x0002       [1]    FLASH_Write_32_SaveINTCON_L0
0x0002       [1]    R2
0x0002       [2]    memcpy_dd_L0
0x0002       [2]    memchr_s_L0
0x0002       [1]    FLASH_Erase_Write_64_j_L0
0x0002       [2]    memset_pp_L0
0x0002       [2]    strlen_cp_L0
0x0003       [1]    MM_Init_i_L0
0x0003       [1]    __Lib_Sprinti_?FLOC____Lib_Sprinti_Do_FillT29
0x0003       [2]    Ltrim_original_L0
0x0003       [2]    __Lib_MmcFat16_f16_toInt_l_L0
0x0003       [1]    R3
0x0003       [1]    FLASH_Erase_Write_64_SaveINTCON_L0
0x0003       [2]    MM_TotalFreeMemSize_Tot_L0
0x0003       [2]    memmove_tt_L0
0x0004       [2]    strncpy_cp_L0
0x0004       [2]    frexp_pom_L0
0x0004       [2]    strcat_cp_L0
0x0004       [2]    __Lib_MemManager_MM_GetMemAlign_P_L0
0x0004       [1]    R4
0x0004       [2]    strncat_cp_L0
0x0004       [2]    strcpy_cp_L0
0x0004       [2]    memcpy_ss_L0
0x0004       [1]    __Lib_Sprinti_?FLOC____Lib_Sprinti_Do_FillT40
0x0005       [2]    LongIntToHex_input_half_L0
0x0005       [2]    memmove_ff_L0
0x0005       [2]    Ltrim_p_L0
0x0005       [1]    R5
0x0005       [2]    LongWordToHex_input_half_L0
0x0005       [1]    MM_TotalFreeMemSize_i_L0
0x0005       [1]    __Lib_Sprinti_?FLOC____Lib_Sprinti_Do_FillT54
0x0006       [1]    __Lib_MemManager_MM_GetMemAlign_i_L0
0x0006       [1]    __Lib_Sprinti_?FLOC____Lib_Sprinti_Do_FillT69
0x0006       [1]    R6
0x0007       [1]    __Lib_TFT_16bit_JPEG_GenerateHuffmanTables_bLength_L0
0x0007       [1]    __Lib_TFT_JPEG_GenerateHuffmanTables_bLength_L0
0x0007       [1]    R7
0x0008       [1]    R8
0x0008       [1]    __Lib_TFT_JPEG_GenerateHuffmanTables_bTable_L0
0x0008       [1]    __Lib_TFT_16bit_JPEG_GenerateHuffmanTables_bTable_L0
0x0009       [1]    R9
0x0009       [4]    __Lib_MmcFat16_f16_toLong_l_L0
0x000A       [1]    R10
0x000B       [1]    R11
0x000C       [1]    R12
0x000D       [1]    R13
0x000E       [1]    R14
0x000F       [1]    R15
0x0010       [1]    R16
0x0011       [1]    R17
0x0012       [1]    R18
0x0013       [1]    R19
0x0014       [1]    R20
0x0015       [4]    _workingVar
0x0019       [1]    _l
0x001A       [4]    __Lib_CStdlib_randx
0x001E       [1]    _k
0x001F       [1]    __Lib_CStdlib_randf
0x0020      [27]    _blueData
0x003B       [1]    _i
0x003C       [1]    _pointer
0x003D       [1]    _j
0x003E      [27]    _greenData
0x0059      [27]    _redData
0x0074       [2]    FLOC__main
0x0076       [2]    FARG_rgbUpDown_count
0x0076       [2]    FARG_helixGreen_count
0x0076       [2]    FARG_randomPixle_count
0x0076       [2]    FARG_usaFlash_count
0x0078       [6]    FLOC__randomPixle
0x007E       [2]    FARG_srand_x
0x0080       [1]    FARG_colorSet_colorAddr
0x0081       [4]    FARG_renderFrame_redValues
0x0085       [4]    FARG_renderFrame_greenValues
0x0089       [4]    FARG_renderFrame_blueValues
0x008D       [1]    FARG_renderFrame_holdTime
0x008E       [1]    FARG_columbSet_columbAddr
0x008F       [1]    FARG_columbSet_columbData
0x0F80       [1]    PORTA
0x0F81       [1]    PORTB
0x0F82       [1]    PORTC
0x0F92       [1]    TRISA
0x0F93       [1]    TRISB
0x0F94       [1]    TRISC
0x0FD3       [1]    OSCCON
0x0FD8       [1]    STATUS
0x0FD9       [1]    FSR2L
0x0FDA       [1]    FSR2H
0x0FDE       [1]    POSTINC2
0x0FE0       [1]    BSR
0x0FE1       [1]    FSR1L
0x0FE2       [1]    FSR1H
0x0FE4       [1]    PREINC1
0x0FE6       [1]    POSTINC1
0x0FE7       [1]    INDF1
0x0FE8       [1]    WREG
0x0FE9       [1]    FSR0L
0x0FEA       [1]    FSR0H
0x0FEE       [1]    POSTINC0
0x0FF3       [1]    PRODL
0x0FF4       [1]    PRODH
0x0FF5       [1]    TABLAT
0x0FF6       [1]    TBLPTRL
0x0FF7       [1]    TBLPTRH
0x0FF8       [1]    TBLPTRU
//** Label List: ** 
//----------------------------------------------
  L_colorSet0
  L_colorSet1
  L_colorSet2
  L_colorSet3
  L_colorSet4
  L_colorSet5
  L_colorSet6
  L_colorSet7
  L_colorSet8
  L_colorSet9
  L_colorSet10
  L_columbSet11
  L_columbSet12
  L_columbSet13
  L_columbSet14
  L_columbSet15
  L_columbSet16
  L_columbSet17
  L_columbSet18
  L_columbSet19
  L_columbSet20
  L_columbSet21
  L_columbSet22
  L_displayFrame23
  L_displayFrame24
  L_displayFrame25
  L_displayFrame26
  L_displayFrame27
  L_displayFrame28
  L_displayFrame29
  L_displayFrame30
  L_displayFrame31
  L_displayFrame32
  L_displayFrame33
  L_displayFrame34
  L_displayFrame35
  L_displayFrame36
  L_displayFrame37
  L_displayFrame38
  L_displayFrame39
  L_displayFrame40
  L_displayFrame41
  L_displayFrame42
  L_displayFrame43
  L_renderFrame44
  L_renderFrame45
  L_renderFrame46
  L_renderFrame47
  L_renderFrame48
  L_renderFrame49
  L_renderFrame50
  L_renderFrame51
  L_renderFrame52
  L_renderFrame53
  L_renderFrame54
  L_renderFrame55
  L_randomPixle56
  L_randomPixle57
  L_randomPixle58
  L_randomPixle59
  L_randomPixle60
  L_randomPixle61
  L_randomPixle62
  L_helixGreen63
  L_helixGreen64
  L_rgbUpDown65
  L_rgbUpDown66
  L_rgbUpDown67
  L_rgbUpDown68
  L_rgbUpDown69
  L_rgbUpDown70
  L_rgbUpDown71
  L_rgbUpDown72
  L_rgbUpDown73
  L_rgbUpDown74
  L_rgbUpDown75
  L_usaFlash76
  L_usaFlash77
  L_usaFlash78
  L_snake79
  L_snake80
  L_snake81
  L_snake82
  L_main83
  L_main84
  L_main85
  L_main86
  L_main87
  L_main88
  L_main89
  L_main90
  L_main91
  L_main92
  L_end_allOff
  _allOff
  L_end_colorSet
  _colorSet
  L_end_columbSet
  _columbSet
  L_end_displayFrame
  _displayFrame
  L_end_renderFrame
  _renderFrame
  L__renderFrame98
  L__renderFrame99
  L__renderFrame100
  L__renderFrame101
  L__renderFrame102
  L__renderFrame103
  L_end_randomPixle
  _randomPixle
  L__randomPixle105
  L__randomPixle106
  L__randomPixle107
  L__randomPixle108
  L__randomPixle109
  L__randomPixle110
  L__randomPixle111
  L__randomPixle112
  L__randomPixle113
  L__randomPixle114
  L__randomPixle115
  L__randomPixle116
  L__randomPixle117
  L__randomPixle118
  L__randomPixle119
  L__randomPixle120
  L_end_helixGreen
  _helixGreen
  L__helixGreen122
  L_end_rgbUpDown
  _rgbUpDown
  L__rgbUpDown124
  L_end_usaFlash
  _usaFlash
  L__usaFlash126
  L_end_snake
  _snake
  L_end_main
  _main
  L__main129
  L__main130
  L__main131
  L__main132
  L_abs0
  L___Lib_CStdlib_strtod1
  L___Lib_CStdlib_strtod2
  L___Lib_CStdlib_strtod3
  L___Lib_CStdlib_strtod4
  L___Lib_CStdlib_strtod5
  L___Lib_CStdlib_strtod6
  L___Lib_CStdlib_strtod7
  L___Lib_CStdlib_strtod8
  L___Lib_CStdlib_strtod9
  L___Lib_CStdlib_strtod10
  L___Lib_CStdlib_strtod11
  L___Lib_CStdlib_strtod12
  L___Lib_CStdlib_strtod13
  L___Lib_CStdlib_strtod14
  L___Lib_CStdlib_strtod15
  L___Lib_CStdlib_strtod16
  L___Lib_CStdlib_strtod17
  L___Lib_CStdlib_strtod18
  L___Lib_CStdlib_strtod19
  L___Lib_CStdlib_strtod20
  L___Lib_CStdlib_strtod21
  L___Lib_CStdlib_strtod22
  L___Lib_CStdlib_strtod23
  L___Lib_CStdlib_strtod24
  L___Lib_CStdlib_strtod25
  L___Lib_CStdlib_strtod26
  L___Lib_CStdlib_strtod27
  L___Lib_CStdlib_strtod28
  L___Lib_CStdlib_strtod29
  L___Lib_CStdlib_strtod30
  L___Lib_CStdlib_strtod31
  L___Lib_CStdlib_strtod32
  L___Lib_CStdlib_strtod33
  L___Lib_CStdlib_strtod34
  L___Lib_CStdlib_strtod35
  L___Lib_CStdlib_strtod36
  L___Lib_CStdlib_strtod37
  L___Lib_CStdlib_strtod38
  L___Lib_CStdlib_strtod39
  L___Lib_CStdlib_strtod40
  L___Lib_CStdlib_strtod41
  L___Lib_CStdlib_strtod42
  L___Lib_CStdlib_strtod43
  L___Lib_CStdlib_strtod44
  L___Lib_CStdlib_strtod45
  L___Lib_CStdlib_strtod46
  L___Lib_CStdlib_strtod47
  L___Lib_CStdlib_strtod48
  L___Lib_CStdlib_strtod49
  L___Lib_CStdlib_strtod50
  L___Lib_CStdlib_strtod51
  L___Lib_CStdlib_strtod52
  ___atoi_skipws_atoi
  L_atoi53
  L_atoi54
  L_atoi55
  L_atoi56
  L_atoi57
  L_atoi58
  ___atoi_conv_atoi
  L_atoi59
  L_atoi60
  ___atol_skipws_atol
  L_atol61
  L_atol62
  L_atol63
  L_atol64
  L_atol65
  L_atol66
  ___atol_conv_atol
  L_atol67
  L_atol68
  L_div69
  L_ldiv70
  L_uldiv71
  L_labs72
  L_max73
  L_min74
  L_rand75
  L_xtoi76
  L_xtoi77
  L_xtoi78
  L_xtoi79
  L_xtoi80
  L_xtoi81
  L_xtoi82
  L_xtoi83
  L_xtoi84
  L_xtoi85
  L_xtoi86
  L___Lib_CStdlib_strtod87
  L___Lib_CStdlib_strtod88
  L___Lib_CStdlib_strtod89
  L__atoi90
  L__atol91
  L_end_abs
  _abs
  L__abs93
  L_end_strtod
  __Lib_CStdlib_strtod
  L___Lib_CStdlib_strtod95
  L___Lib_CStdlib_strtod96
  L___Lib_CStdlib_strtod97
  L_end_atof
  _atof
  L_end_atoi
  _atoi
  L__atoi100
  L__atoi101
  L__atoi102
  L__atoi103
  L_end_atol
  _atol
  L__atol105
  L__atol106
  L_end_div
  _div
  L_end_ldiv
  _ldiv
  L_end_uldiv
  _uldiv
  L_end_labs
  _labs
  L__labs111
  L_end_max
  _max
  L__max113
  L_end_min
  _min
  L__min115
  L_end_srand
  _srand
  L_end_rand
  _rand
  L_end_xtoi
  _xtoi
  L_Div_16x16_S0
  L_Div_16x16_S1
  LOOPS3232A
  SADD22LA
  SOK22LA
  SADD22L8
  SOK22L8
  LOOPS3232B
  SADD22LB
  SOK22LB
  SADD22L16
  SOK22L16
  LOOPS3232C
  SADD22LC
  SOK22LC
  SADD22L24
  SOK22L24
  LOOPS3232D
  SADD22LD
  SOK22LD
  SOK22L
  L_Div_32x32_S6
  L_Div_32x32_S7
  L_Div_32x32_S8
  L_Div_32x32_S9
  FXD3232S
  END_ALL
  CA3232S
  C3232SX
  C3232SX1
  C3232S
  C3232S2
  C3232SX4
  C3232SOK
  C3232SX3
  C3232SX2
  avoid_comfrem
  LOOPU3232A
  UADD22LA
  UOK22LA
  UADD22L8
  UOK22L8
  LOOPU3232B
  UADD22LB
  UOK22LB
  UADD22L16
  UOK22L16
  LOOPU3232C
  UADD22LC
  UOK22LC
  UADD22L24
  UOK22L24
  LOOPU3232D
  UADD22LD
  UOK22LD
  UOK22L
  _NEXT
  _EXIT2
  _LOOP
  _EXIT1
  _IF_FIRST
  _IF_SECOND
  _INVERCE_FIRST
  _MULT
  _INBERSE_SECOND
  _EXIT
  L_end_Div_8X8_U
  _Div_8X8_U
  L_end_Div_16X16_U
  _Div_16X16_U
  L_end_Div_16x16_S_L
  _Div_16x16_S_L
  L_end_Div_16x16_S
  _Div_16x16_S
  L_end_Div_8X8_S
  _Div_8X8_S
  L_end_Mul_8X8_S
  _Mul_8X8_S
  L_end_Mul_16X16_U
  _Mul_16X16_U
  L_end_Mul_16X16_S
  _Mul_16X16_S
  L_end_SDIV3232L
  _SDIV3232L
  L_end_COMFREM
  _COMFREM
  L_end_Div_32x32_S
  _Div_32x32_S
  L_end_Div_32x32_U
  _Div_32x32_U
  L_end_Mul_32x32_U
  _Mul_32x32_U
  L_end_Mul_32x32_S
  _Mul_32x32_S
  _CC2D_Loop1
  _CC2DL_Loop1
  L_loopCA2AWs
  L_loopCCA2AWs
  L_loopCS2Ss
  L_CS2Send
  L_loopCCS2Ss
  L_CCS2Send
  L_loopFZinSWs
  L_longjmp7
  L_end___CC2D
  ___CC2D
  L_end___CC2DW
  ___CC2DW
  L_end___CA2AW
  ___CA2AW
  L_end___CCA2AW
  ___CCA2AW
  L_end___CS2S
  ___CS2S
  L_end___CCS2S
  ___CCS2S
  L_end___FZinS
  ___FZinS
  L_end_____DoIFC
  _____DoIFC
  L_end_Swap
  _Swap
  L_end_setjmp
  _setjmp
  L_end_longjmp
  _longjmp
